#
# There is insufficient memory for the Java Runtime Environment to continue.
# Native memory allocation (malloc) failed to allocate 1226384 bytes. Error detail: Chunk::new
# Possible reasons:
#   The system is out of physical RAM or swap space
#   This process is running with CompressedOops enabled, and the Java Heap may be blocking the growth of the native heap
# Possible solutions:
#   Reduce memory load on the system
#   Increase physical memory or swap space
#   Check if swap backing store is full
#   Decrease Java heap size (-Xmx/-Xms)
#   Decrease number of Java threads
#   Decrease Java thread stack sizes (-Xss)
#   Set larger code cache with -XX:ReservedCodeCacheSize=
#   JVM is running with Unscaled Compressed Oops mode in which the Java heap is
#     placed in the first 4GB address space. The Java Heap base address is the
#     maximum limit for the native heap growth. Please use -XX:HeapBaseMinAddress
#     to set the Java Heap base and to place the Java Heap above 4GB virtual address.
# This output file may be truncated or incomplete.
#
#  Out of Memory Error (arena.cpp:168), pid=15548, tid=15932
#
# JRE version: OpenJDK Runtime Environment Temurin-21.0.10+7 (21.0.10+7) (build 21.0.10+7-LTS)
# Java VM: OpenJDK 64-Bit Server VM Temurin-21.0.10+7 (21.0.10+7-LTS, mixed mode, sharing, tiered, compressed oops, compressed class ptrs, parallel gc, windows-amd64)
# No core dump will be written. Minidumps are not enabled by default on client versions of Windows
#

---------------  S U M M A R Y ------------

Command Line: --add-modules=ALL-SYSTEM --add-opens=java.base/java.util=ALL-UNNAMED --add-opens=java.base/java.lang=ALL-UNNAMED --add-opens=java.base/sun.nio.fs=ALL-UNNAMED -Declipse.application=org.eclipse.jdt.ls.core.id1 -Dosgi.bundles.defaultStartLevel=4 -Declipse.product=org.eclipse.jdt.ls.core.product -Djava.import.generatesMetadataFilesAtProjectRoot=false -DDetectVMInstallationsJob.disabled=true -Dfile.encoding=utf8 -XX:+UseParallelGC -XX:GCTimeRatio=4 -XX:AdaptiveSizePolicyWeight=90 -Dsun.zip.disableMemoryMapping=true -Xmx2G -Xms100m -Xlog:disable -javaagent:c:\Users\laura\.vscode\extensions\redhat.java-1.54.0-win32-x64\lombok\lombok-1.18.39-4050.jar -XX:+HeapDumpOnOutOfMemoryError -XX:HeapDumpPath=c:\Users\laura\AppData\Roaming\Code\User\workspaceStorage\8802279ea4ffc004fdd5b6e2f169f347\redhat.java -Daether.dependencyCollector.impl=bf c:\Users\laura\.vscode\extensions\redhat.java-1.54.0-win32-x64\server\plugins\org.eclipse.equinox.launcher_1.7.100.v20251111-0406.jar -configuration c:\Users\laura\AppData\Roaming\Code\User\globalStorage\redhat.java\1.54.0\config_win -data c:\Users\laura\AppData\Roaming\Code\User\workspaceStorage\8802279ea4ffc004fdd5b6e2f169f347\redhat.java\jdt_ws --pipe=\\.\pipe\lsp-a7a5161c0cbbd5b912303689bb213c17-sock

Host: AMD Ryzen 5 3500U with Radeon Vega Mobile Gfx  , 8 cores, 5G,  Windows 11 , 64 bit Build 26100 (10.0.26100.8328)
Time: Tue May 26 09:08:20 2026 Hora est. Pacífico, Sudamérica elapsed time: 19.491014 seconds (0d 0h 0m 19s)

---------------  T H R E A D  ---------------

Current thread (0x0000021ef5855510):  JavaThread "C2 CompilerThread0" daemon [_thread_in_native, id=15932, stack(0x0000004d58200000,0x0000004d58300000) (1024K)]


Current CompileTask:
C2:19491 3650       4       java.lang.invoke.MethodType::makeImpl (109 bytes)

Stack: [0x0000004d58200000,0x0000004d58300000]
Native frames: (J=compiled Java code, j=interpreted, Vv=VM code, C=native code)
V  [jvm.dll+0x6d7a39]
V  [jvm.dll+0x8b4b26]
V  [jvm.dll+0x8b70de]
V  [jvm.dll+0x8b77c3]
V  [jvm.dll+0x284346]
V  [jvm.dll+0xc66ed]
V  [jvm.dll+0xc6c31]
V  [jvm.dll+0x3bec3b]
V  [jvm.dll+0x1e3f69]
V  [jvm.dll+0x24c6b3]
V  [jvm.dll+0x24bb40]
V  [jvm.dll+0x1cb34e]
V  [jvm.dll+0x25b85d]
V  [jvm.dll+0x259dea]
V  [jvm.dll+0x3f857e]
V  [jvm.dll+0x85f59d]
V  [jvm.dll+0x6d626d]
C  [ucrtbase.dll+0x37b0]
C  [KERNEL32.DLL+0x2e957]
C  [ntdll.dll+0x427c]


---------------  P R O C E S S  ---------------

Threads class SMR info:
_java_thread_list=0x0000021ed4447350, length=21, elements={
0x0000021ef34f8c60, 0x0000021ef598bec0, 0x0000021ef58446e0, 0x0000021ef5846e50,
0x0000021ef584a780, 0x0000021ef584f1f0, 0x0000021ef5851e30, 0x0000021ef5855510,
0x0000021ef585c140, 0x0000021efed3d180, 0x0000021efee5fd20, 0x0000021eff3af640,
0x0000021ed41544c0, 0x0000021efef58ce0, 0x0000021efec9f220, 0x0000021ed479c7a0,
0x0000021ed44a1be0, 0x0000021efec53050, 0x0000021efec0e6f0, 0x0000021efec0ccb0,
0x0000021efec0c620
}

Java Threads: ( => current thread )
  0x0000021ef34f8c60 JavaThread "main"                              [_thread_blocked, id=34216, stack(0x0000004d57800000,0x0000004d57900000) (1024K)]
  0x0000021ef598bec0 JavaThread "Reference Handler"          daemon [_thread_blocked, id=33728, stack(0x0000004d57c00000,0x0000004d57d00000) (1024K)]
  0x0000021ef58446e0 JavaThread "Finalizer"                  daemon [_thread_blocked, id=8088, stack(0x0000004d57d00000,0x0000004d57e00000) (1024K)]
  0x0000021ef5846e50 JavaThread "Signal Dispatcher"          daemon [_thread_blocked, id=25800, stack(0x0000004d57e00000,0x0000004d57f00000) (1024K)]
  0x0000021ef584a780 JavaThread "Attach Listener"            daemon [_thread_blocked, id=16292, stack(0x0000004d57f00000,0x0000004d58000000) (1024K)]
  0x0000021ef584f1f0 JavaThread "Service Thread"             daemon [_thread_blocked, id=39864, stack(0x0000004d58000000,0x0000004d58100000) (1024K)]
  0x0000021ef5851e30 JavaThread "Monitor Deflation Thread"   daemon [_thread_blocked, id=40048, stack(0x0000004d58100000,0x0000004d58200000) (1024K)]
=>0x0000021ef5855510 JavaThread "C2 CompilerThread0"         daemon [_thread_in_native, id=15932, stack(0x0000004d58200000,0x0000004d58300000) (1024K)]
  0x0000021ef585c140 JavaThread "C1 CompilerThread0"         daemon [_thread_blocked, id=24800, stack(0x0000004d58300000,0x0000004d58400000) (1024K)]
  0x0000021efed3d180 JavaThread "Common-Cleaner"             daemon [_thread_blocked, id=19184, stack(0x0000004d58400000,0x0000004d58500000) (1024K)]
  0x0000021efee5fd20 JavaThread "Notification Thread"        daemon [_thread_blocked, id=33724, stack(0x0000004d58500000,0x0000004d58600000) (1024K)]
  0x0000021eff3af640 JavaThread "Active Thread: Equinox Container: 25e0e84d-a4de-4c5d-9e51-c38eb7e4a6be"        [_thread_blocked, id=24516, stack(0x0000004d58c00000,0x0000004d58d00000) (1024K)]
  0x0000021ed41544c0 JavaThread "Refresh Thread: Equinox Container: 25e0e84d-a4de-4c5d-9e51-c38eb7e4a6be" daemon [_thread_blocked, id=30388, stack(0x0000004d58d00000,0x0000004d58e00000) (1024K)]
  0x0000021efef58ce0 JavaThread "Framework Event Dispatcher: Equinox Container: 25e0e84d-a4de-4c5d-9e51-c38eb7e4a6be" daemon [_thread_blocked, id=29588, stack(0x0000004d58f00000,0x0000004d59000000) (1024K)]
  0x0000021efec9f220 JavaThread "Start Level: Equinox Container: 25e0e84d-a4de-4c5d-9e51-c38eb7e4a6be" daemon [_thread_in_native, id=36736, stack(0x0000004d59000000,0x0000004d59100000) (1024K)]
  0x0000021ed479c7a0 JavaThread "Bundle File Closer"         daemon [_thread_blocked, id=16540, stack(0x0000004d59200000,0x0000004d59300000) (1024K)]
  0x0000021ed44a1be0 JavaThread "SCR Component Actor"        daemon [_thread_blocked, id=39432, stack(0x0000004d59100000,0x0000004d59200000) (1024K)]
  0x0000021efec53050 JavaThread "Worker-JM"                         [_thread_blocked, id=38524, stack(0x0000004d59400000,0x0000004d59500000) (1024K)]
  0x0000021efec0e6f0 JavaThread "Worker-0: Repository registry initialization"        [_thread_in_vm, id=30736, stack(0x0000004d59300000,0x0000004d59400000) (1024K)]
  0x0000021efec0ccb0 JavaThread "Worker-1: Updating Maven Dependencies"        [_thread_in_Java, id=40268, stack(0x0000004d59500000,0x0000004d59600000) (1024K)]
  0x0000021efec0c620 JavaThread "Worker-2"                          [_thread_blocked, id=12664, stack(0x0000004d59600000,0x0000004d59700000) (1024K)]
Total: 21

Other Threads:
  0x0000021ef59719d0 VMThread "VM Thread"                           [id=39088, stack(0x0000004d57b00000,0x0000004d57c00000) (1024K)]
  0x0000021ef575ca00 WatcherThread "VM Periodic Task Thread"        [id=39564, stack(0x0000004d57a00000,0x0000004d57b00000) (1024K)]
  0x0000021ef58ec380 WorkerThread "GC Thread#0"                     [id=38928, stack(0x0000004d57900000,0x0000004d57a00000) (1024K)]
  0x0000021eff06d160 WorkerThread "GC Thread#1"                     [id=24980, stack(0x0000004d58600000,0x0000004d58700000) (1024K)]
  0x0000021eff06d510 WorkerThread "GC Thread#2"                     [id=16960, stack(0x0000004d58700000,0x0000004d58800000) (1024K)]
  0x0000021efee26490 WorkerThread "GC Thread#3"                     [id=38932, stack(0x0000004d58800000,0x0000004d58900000) (1024K)]
  0x0000021efee26840 WorkerThread "GC Thread#4"                     [id=17452, stack(0x0000004d58900000,0x0000004d58a00000) (1024K)]
  0x0000021efee26bf0 WorkerThread "GC Thread#5"                     [id=7892, stack(0x0000004d58a00000,0x0000004d58b00000) (1024K)]
  0x0000021eff053940 WorkerThread "GC Thread#6"                     [id=19112, stack(0x0000004d58b00000,0x0000004d58c00000) (1024K)]
  0x0000021eff5a95e0 WorkerThread "GC Thread#7"                     [id=21276, stack(0x0000004d58e00000,0x0000004d58f00000) (1024K)]
Total: 10

Threads with active compile tasks:
C2 CompilerThread0  19595 3650       4       java.lang.invoke.MethodType::makeImpl (109 bytes)
Total: 1

VM state: not at safepoint (normal execution)

VM Mutex/Monitor currently owned by a thread: None

Heap address: 0x0000000080000000, size: 2048 MB, Compressed Oops mode: 32-bit

CDS archive(s) mapped at: [0x0000021e8f000000-0x0000021e8fba0000-0x0000021e8fba0000), size 12189696, SharedBaseAddress: 0x0000021e8f000000, ArchiveRelocationMode: 1.
Compressed class space mapped at: 0x0000021e90000000-0x0000021ed0000000, reserved size: 1073741824
Narrow klass base: 0x0000021e8f000000, Narrow klass shift: 0, Narrow klass range: 0x100000000

GC Precious Log:
 CardTable entry size: 512
 CPUs: 8 total, 8 available
 Memory: 6020M
 Large Page Support: Disabled
 NUMA Support: Disabled
 Compressed Oops: Enabled (32-bit)
 Alignments: Space 512K, Generation 512K, Heap 2M
 Heap Min Capacity: 100M
 Heap Initial Capacity: 100M
 Heap Max Capacity: 2G
 Pre-touch: Disabled
 Parallel Workers: 8

Heap:
 PSYoungGen      total 30208K, used 19226K [0x00000000d5580000, 0x00000000d7900000, 0x0000000100000000)
  eden space 24576K, 57% used [0x00000000d5580000,0x00000000d632ee58,0x00000000d6d80000)
  from space 5632K, 92% used [0x00000000d7380000,0x00000000d7897d48,0x00000000d7900000)
  to   space 5632K, 0% used [0x00000000d6e00000,0x00000000d6e00000,0x00000000d7380000)
 ParOldGen       total 68608K, used 8006K [0x0000000080000000, 0x0000000084300000, 0x00000000d5580000)
  object space 68608K, 11% used [0x0000000080000000,0x00000000807d1a60,0x0000000084300000)
 Metaspace       used 20022K, committed 20800K, reserved 1114112K
  class space    used 2075K, committed 2432K, reserved 1048576K

Card table byte_map: [0x0000021ef5270000,0x0000021ef5680000] _byte_map_base: 0x0000021ef4e70000

Marking Bits: (ParMarkBitMap*) 0x00007ffb8c1f3450
 Begin Bits: [0x0000021ef8d80000, 0x0000021efad80000)
 End Bits:   [0x0000021efad80000, 0x0000021efcd80000)

Polling page: 0x0000021ef34b0000

Metaspace:

Usage:
  Non-class:     17.53 MB used.
      Class:      2.03 MB used.
       Both:     19.56 MB used.

Virtual space:
  Non-class space:       64.00 MB reserved,      17.94 MB ( 28%) committed,  1 nodes.
      Class space:        1.00 GB reserved,       2.38 MB ( <1%) committed,  1 nodes.
             Both:        1.06 GB reserved,      20.31 MB (  2%) committed. 

Chunk freelists:
   Non-Class:  13.95 MB
       Class:  13.48 MB
        Both:  27.44 MB

MaxMetaspaceSize: unlimited
CompressedClassSpaceSize: 1.00 GB
Initial GC threshold: 21.00 MB
Current GC threshold: 21.00 MB
CDS: on
 - commit_granule_bytes: 65536.
 - commit_granule_words: 8192.
 - virtual_space_node_default_size: 8388608.
 - enlarge_chunks_in_place: 1.
 - use_allocation_guard: 0.


Internal statistics:

num_allocs_failed_limit: 0.
num_arena_births: 558.
num_arena_deaths: 0.
num_vsnodes_births: 2.
num_vsnodes_deaths: 0.
num_space_committed: 325.
num_space_uncommitted: 0.
num_chunks_returned_to_freelist: 0.
num_chunks_taken_from_freelist: 1328.
num_chunk_merges: 0.
num_chunk_splits: 856.
num_chunks_enlarged: 550.
num_inconsistent_stats: 0.

CodeHeap 'non-profiled nmethods': size=120000Kb used=1538Kb max_used=1538Kb free=118462Kb
 bounds [0x0000021e87ad0000, 0x0000021e87d40000, 0x0000021e8f000000]
CodeHeap 'profiled nmethods': size=120000Kb used=7795Kb max_used=7795Kb free=112204Kb
 bounds [0x0000021e80000000, 0x0000021e807a0000, 0x0000021e87530000]
CodeHeap 'non-nmethods': size=5760Kb used=1275Kb max_used=1297Kb free=4484Kb
 bounds [0x0000021e87530000, 0x0000021e877a0000, 0x0000021e87ad0000]
CodeCache: size=245760Kb, used=10608Kb, max_used=10630Kb, free=235150Kb
 total_blobs=4283, nmethods=3727, adapters=461, full_count=0
Compilation: enabled, stopped_count=0, restarted_count=0

Compilation events (20 events):
Event: 18.196 Thread 0x0000021ef585c140 3710       1       org.apache.felix.scr.impl.metadata.ReferenceMetadata::getParameterIndex (5 bytes)
Event: 18.196 Thread 0x0000021ef585c140 nmethod 3710 0x0000021e87c4ef10 code [0x0000021e87c4f0a0, 0x0000021e87c4f168]
Event: 18.199 Thread 0x0000021ef585c140 3711       3       jdk.internal.misc.Unsafe::weakCompareAndSetLong (11 bytes)
Event: 18.199 Thread 0x0000021ef585c140 nmethod 3711 0x0000021e80787690 code [0x0000021e80787820, 0x0000021e80787948]
Event: 18.200 Thread 0x0000021ef585c140 3712       1       org.apache.felix.scr.impl.manager.AbstractComponentManager::getDependencyManagers (5 bytes)
Event: 18.200 Thread 0x0000021ef585c140 nmethod 3712 0x0000021e87c4f210 code [0x0000021e87c4f3a0, 0x0000021e87c4f468]
Event: 18.200 Thread 0x0000021ef585c140 3713       1       org.apache.felix.scr.impl.config.ScrConfigurationImpl::lockTimeout (5 bytes)
Event: 18.200 Thread 0x0000021ef585c140 nmethod 3713 0x0000021e87c4f510 code [0x0000021e87c4f6a0, 0x0000021e87c4f768]
Event: 18.209 Thread 0x0000021ef585c140 3714       1       org.apache.felix.scr.impl.inject.RefPair::isDeleted (5 bytes)
Event: 18.209 Thread 0x0000021ef585c140 nmethod 3714 0x0000021e87c4fc10 code [0x0000021e87c4fda0, 0x0000021e87c4fe70]
Event: 18.230 Thread 0x0000021ef585c140 3716       1       org.eclipse.osgi.internal.serviceregistry.ServiceUse::getLock (5 bytes)
Event: 18.230 Thread 0x0000021ef585c140 nmethod 3716 0x0000021e87c4ff10 code [0x0000021e87c500a0, 0x0000021e87c50168]
Event: 18.279 Thread 0x0000021ef585c140 3717   !   3       org.eclipse.osgi.internal.loader.BundleLoader::findImportedSource (29 bytes)
Event: 18.279 Thread 0x0000021ef585c140 nmethod 3717 0x0000021e80787a10 code [0x0000021e80787be0, 0x0000021e80787fd8]
Event: 18.282 Thread 0x0000021ef585c140 3718       3       java.util.stream.Stream::empty (8 bytes)
Event: 18.283 Thread 0x0000021ef585c140 nmethod 3718 0x0000021e80788190 code [0x0000021e80788340, 0x0000021e807884c8]
Event: 18.283 Thread 0x0000021ef585c140 3719       3       java.util.Spliterators::emptySpliterator (4 bytes)
Event: 18.283 Thread 0x0000021ef585c140 nmethod 3719 0x0000021e80788590 code [0x0000021e80788720, 0x0000021e80788818]
Event: 18.296 Thread 0x0000021ef585c140 3720       3       java.util.zip.ZipFile::<init> (7 bytes)
Event: 18.296 Thread 0x0000021ef585c140 nmethod 3720 0x0000021e80788890 code [0x0000021e80788a40, 0x0000021e80788be8]

GC Heap History (12 events):
Event: 3.322 GC heap before
{Heap before GC invocations=1 (full 0):
 PSYoungGen      total 29696K, used 25600K [0x00000000d5580000, 0x00000000d7680000, 0x0000000100000000)
  eden space 25600K, 100% used [0x00000000d5580000,0x00000000d6e80000,0x00000000d6e80000)
  from space 4096K, 0% used [0x00000000d7280000,0x00000000d7280000,0x00000000d7680000)
  to   space 4096K, 0% used [0x00000000d6e80000,0x00000000d6e80000,0x00000000d7280000)
 ParOldGen       total 68608K, used 0K [0x0000000080000000, 0x0000000084300000, 0x00000000d5580000)
  object space 68608K, 0% used [0x0000000080000000,0x0000000080000000,0x0000000084300000)
 Metaspace       used 4355K, committed 4608K, reserved 1114112K
  class space    used 473K, committed 576K, reserved 1048576K
}
Event: 3.336 GC heap after
{Heap after GC invocations=1 (full 0):
 PSYoungGen      total 29696K, used 3303K [0x00000000d5580000, 0x00000000d7680000, 0x0000000100000000)
  eden space 25600K, 0% used [0x00000000d5580000,0x00000000d5580000,0x00000000d6e80000)
  from space 4096K, 80% used [0x00000000d6e80000,0x00000000d71b9e98,0x00000000d7280000)
  to   space 4096K, 0% used [0x00000000d7280000,0x00000000d7280000,0x00000000d7680000)
 ParOldGen       total 68608K, used 16K [0x0000000080000000, 0x0000000084300000, 0x00000000d5580000)
  object space 68608K, 0% used [0x0000000080000000,0x0000000080004000,0x0000000084300000)
 Metaspace       used 4355K, committed 4608K, reserved 1114112K
  class space    used 473K, committed 576K, reserved 1048576K
}
Event: 7.297 GC heap before
{Heap before GC invocations=2 (full 0):
 PSYoungGen      total 29696K, used 28903K [0x00000000d5580000, 0x00000000d7680000, 0x0000000100000000)
  eden space 25600K, 100% used [0x00000000d5580000,0x00000000d6e80000,0x00000000d6e80000)
  from space 4096K, 80% used [0x00000000d6e80000,0x00000000d71b9e98,0x00000000d7280000)
  to   space 4096K, 0% used [0x00000000d7280000,0x00000000d7280000,0x00000000d7680000)
 ParOldGen       total 68608K, used 16K [0x0000000080000000, 0x0000000084300000, 0x00000000d5580000)
  object space 68608K, 0% used [0x0000000080000000,0x0000000080004000,0x0000000084300000)
 Metaspace       used 8035K, committed 8320K, reserved 1114112K
  class space    used 840K, committed 960K, reserved 1048576K
}
Event: 7.308 GC heap after
{Heap after GC invocations=2 (full 0):
 PSYoungGen      total 29696K, used 4093K [0x00000000d5580000, 0x00000000d7680000, 0x0000000100000000)
  eden space 25600K, 0% used [0x00000000d5580000,0x00000000d5580000,0x00000000d6e80000)
  from space 4096K, 99% used [0x00000000d7280000,0x00000000d767f550,0x00000000d7680000)
  to   space 4096K, 0% used [0x00000000d6e80000,0x00000000d6e80000,0x00000000d7280000)
 ParOldGen       total 68608K, used 1722K [0x0000000080000000, 0x0000000084300000, 0x00000000d5580000)
  object space 68608K, 2% used [0x0000000080000000,0x00000000801ae8f8,0x0000000084300000)
 Metaspace       used 8035K, committed 8320K, reserved 1114112K
  class space    used 840K, committed 960K, reserved 1048576K
}
Event: 10.287 GC heap before
{Heap before GC invocations=3 (full 0):
 PSYoungGen      total 29696K, used 29693K [0x00000000d5580000, 0x00000000d7680000, 0x0000000100000000)
  eden space 25600K, 100% used [0x00000000d5580000,0x00000000d6e80000,0x00000000d6e80000)
  from space 4096K, 99% used [0x00000000d7280000,0x00000000d767f550,0x00000000d7680000)
  to   space 4096K, 0% used [0x00000000d6e80000,0x00000000d6e80000,0x00000000d7280000)
 ParOldGen       total 68608K, used 1722K [0x0000000080000000, 0x0000000084300000, 0x00000000d5580000)
  object space 68608K, 2% used [0x0000000080000000,0x00000000801ae8f8,0x0000000084300000)
 Metaspace       used 9484K, committed 9792K, reserved 1114112K
  class space    used 1011K, committed 1152K, reserved 1048576K
}
Event: 10.296 GC heap after
{Heap after GC invocations=3 (full 0):
 PSYoungGen      total 29696K, used 4086K [0x00000000d5580000, 0x00000000d7680000, 0x0000000100000000)
  eden space 25600K, 0% used [0x00000000d5580000,0x00000000d5580000,0x00000000d6e80000)
  from space 4096K, 99% used [0x00000000d6e80000,0x00000000d727d928,0x00000000d7280000)
  to   space 4096K, 0% used [0x00000000d7280000,0x00000000d7280000,0x00000000d7680000)
 ParOldGen       total 68608K, used 4833K [0x0000000080000000, 0x0000000084300000, 0x00000000d5580000)
  object space 68608K, 7% used [0x0000000080000000,0x00000000804b86c0,0x0000000084300000)
 Metaspace       used 9484K, committed 9792K, reserved 1114112K
  class space    used 1011K, committed 1152K, reserved 1048576K
}
Event: 11.720 GC heap before
{Heap before GC invocations=4 (full 0):
 PSYoungGen      total 29696K, used 29686K [0x00000000d5580000, 0x00000000d7680000, 0x0000000100000000)
  eden space 25600K, 100% used [0x00000000d5580000,0x00000000d6e80000,0x00000000d6e80000)
  from space 4096K, 99% used [0x00000000d6e80000,0x00000000d727d928,0x00000000d7280000)
  to   space 4096K, 0% used [0x00000000d7280000,0x00000000d7280000,0x00000000d7680000)
 ParOldGen       total 68608K, used 4833K [0x0000000080000000, 0x0000000084300000, 0x00000000d5580000)
  object space 68608K, 7% used [0x0000000080000000,0x00000000804b86c0,0x0000000084300000)
 Metaspace       used 12350K, committed 12800K, reserved 1114112K
  class space    used 1300K, committed 1472K, reserved 1048576K
}
Event: 11.729 GC heap after
{Heap after GC invocations=4 (full 0):
 PSYoungGen      total 29696K, used 4088K [0x00000000d5580000, 0x00000000d7680000, 0x0000000100000000)
  eden space 25600K, 0% used [0x00000000d5580000,0x00000000d5580000,0x00000000d6e80000)
  from space 4096K, 99% used [0x00000000d7280000,0x00000000d767e038,0x00000000d7680000)
  to   space 4096K, 0% used [0x00000000d6e80000,0x00000000d6e80000,0x00000000d7280000)
 ParOldGen       total 68608K, used 7990K [0x0000000080000000, 0x0000000084300000, 0x00000000d5580000)
  object space 68608K, 11% used [0x0000000080000000,0x00000000807cda60,0x0000000084300000)
 Metaspace       used 12350K, committed 12800K, reserved 1114112K
  class space    used 1300K, committed 1472K, reserved 1048576K
}
Event: 13.856 GC heap before
{Heap before GC invocations=5 (full 0):
 PSYoungGen      total 29696K, used 29688K [0x00000000d5580000, 0x00000000d7680000, 0x0000000100000000)
  eden space 25600K, 100% used [0x00000000d5580000,0x00000000d6e80000,0x00000000d6e80000)
  from space 4096K, 99% used [0x00000000d7280000,0x00000000d767e038,0x00000000d7680000)
  to   space 4096K, 0% used [0x00000000d6e80000,0x00000000d6e80000,0x00000000d7280000)
 ParOldGen       total 68608K, used 7990K [0x0000000080000000, 0x0000000084300000, 0x00000000d5580000)
  object space 68608K, 11% used [0x0000000080000000,0x00000000807cda60,0x0000000084300000)
 Metaspace       used 16104K, committed 16704K, reserved 1114112K
  class space    used 1672K, committed 1920K, reserved 1048576K
}
Event: 13.862 GC heap after
{Heap after GC invocations=5 (full 0):
 PSYoungGen      total 29184K, used 3999K [0x00000000d5580000, 0x00000000d7900000, 0x0000000100000000)
  eden space 25088K, 0% used [0x00000000d5580000,0x00000000d5580000,0x00000000d6e00000)
  from space 4096K, 97% used [0x00000000d6e80000,0x00000000d7267d70,0x00000000d7280000)
  to   space 5632K, 0% used [0x00000000d7380000,0x00000000d7380000,0x00000000d7900000)
 ParOldGen       total 68608K, used 7998K [0x0000000080000000, 0x0000000084300000, 0x00000000d5580000)
  object space 68608K, 11% used [0x0000000080000000,0x00000000807cfa60,0x0000000084300000)
 Metaspace       used 16104K, committed 16704K, reserved 1114112K
  class space    used 1672K, committed 1920K, reserved 1048576K
}
Event: 16.664 GC heap before
{Heap before GC invocations=6 (full 0):
 PSYoungGen      total 29184K, used 29087K [0x00000000d5580000, 0x00000000d7900000, 0x0000000100000000)
  eden space 25088K, 100% used [0x00000000d5580000,0x00000000d6e00000,0x00000000d6e00000)
  from space 4096K, 97% used [0x00000000d6e80000,0x00000000d7267d70,0x00000000d7280000)
  to   space 5632K, 0% used [0x00000000d7380000,0x00000000d7380000,0x00000000d7900000)
 ParOldGen       total 68608K, used 7998K [0x0000000080000000, 0x0000000084300000, 0x00000000d5580000)
  object space 68608K, 11% used [0x0000000080000000,0x00000000807cfa60,0x0000000084300000)
 Metaspace       used 18321K, committed 19072K, reserved 1114112K
  class space    used 1913K, committed 2240K, reserved 1048576K
}
Event: 16.672 GC heap after
{Heap after GC invocations=6 (full 0):
 PSYoungGen      total 30208K, used 5215K [0x00000000d5580000, 0x00000000d7900000, 0x0000000100000000)
  eden space 24576K, 0% used [0x00000000d5580000,0x00000000d5580000,0x00000000d6d80000)
  from space 5632K, 92% used [0x00000000d7380000,0x00000000d7897d48,0x00000000d7900000)
  to   space 5632K, 0% used [0x00000000d6e00000,0x00000000d6e00000,0x00000000d7380000)
 ParOldGen       total 68608K, used 8006K [0x0000000080000000, 0x0000000084300000, 0x00000000d5580000)
  object space 68608K, 11% used [0x0000000080000000,0x00000000807d1a60,0x0000000084300000)
 Metaspace       used 18321K, committed 19072K, reserved 1114112K
  class space    used 1913K, committed 2240K, reserved 1048576K
}

Dll operation events (11 events):
Event: 0.109 Loaded shared library c:\Users\laura\.vscode\extensions\redhat.java-1.54.0-win32-x64\jre\21.0.10-win32-x86_64\bin\java.dll
Event: 0.376 Loaded shared library c:\Users\laura\.vscode\extensions\redhat.java-1.54.0-win32-x64\jre\21.0.10-win32-x86_64\bin\zip.dll
Event: 0.468 Loaded shared library C:\Users\laura\.vscode\extensions\redhat.java-1.54.0-win32-x64\jre\21.0.10-win32-x86_64\bin\instrument.dll
Event: 0.517 Loaded shared library C:\Users\laura\.vscode\extensions\redhat.java-1.54.0-win32-x64\jre\21.0.10-win32-x86_64\bin\net.dll
Event: 0.534 Loaded shared library C:\Users\laura\.vscode\extensions\redhat.java-1.54.0-win32-x64\jre\21.0.10-win32-x86_64\bin\nio.dll
Event: 0.552 Loaded shared library C:\Users\laura\.vscode\extensions\redhat.java-1.54.0-win32-x64\jre\21.0.10-win32-x86_64\bin\zip.dll
Event: 0.648 Loaded shared library C:\Users\laura\.vscode\extensions\redhat.java-1.54.0-win32-x64\jre\21.0.10-win32-x86_64\bin\jimage.dll
Event: 1.134 Loaded shared library c:\Users\laura\.vscode\extensions\redhat.java-1.54.0-win32-x64\jre\21.0.10-win32-x86_64\bin\verify.dll
Event: 7.335 Loaded shared library C:\Users\laura\AppData\Roaming\Code\User\globalStorage\redhat.java\1.54.0\config_win\org.eclipse.equinox.launcher\org.eclipse.equinox.launcher.win32.win32.x86_64_1.3.0.v20260203-2149\eclipse_11919.dll
Event: 12.584 Loaded shared library C:\Users\laura\.vscode\extensions\redhat.java-1.54.0-win32-x64\jre\21.0.10-win32-x86_64\bin\management.dll
Event: 12.592 Loaded shared library C:\Users\laura\.vscode\extensions\redhat.java-1.54.0-win32-x64\jre\21.0.10-win32-x86_64\bin\management_ext.dll

Deoptimization events (20 events):
Event: 14.168 Thread 0x0000021efec9f220 Uncommon trap: trap_request=0xffffff45 fr.pc=0x0000021e87c06944 relative=0x00000000000000a4
Event: 14.168 Thread 0x0000021efec9f220 Uncommon trap: reason=unstable_if action=reinterpret pc=0x0000021e87c06944 method=java.lang.ref.ReferenceQueue.poll()Ljava/lang/ref/Reference; @ 4 c2
Event: 14.168 Thread 0x0000021efec9f220 DEOPT PACKING pc=0x0000021e87c06944 sp=0x0000004d590f3c50
Event: 14.168 Thread 0x0000021efec9f220 DEOPT UNPACKING pc=0x0000021e87583aa2 sp=0x0000004d590f3b38 mode 2
Event: 16.673 Thread 0x0000021efec9f220 Uncommon trap: trap_request=0xffffff45 fr.pc=0x0000021e87af7414 relative=0x0000000000000434
Event: 16.673 Thread 0x0000021efec9f220 Uncommon trap: reason=unstable_if action=reinterpret pc=0x0000021e87af7414 method=java.lang.StringLatin1.canEncode(C)Z @ 4 c2
Event: 16.673 Thread 0x0000021efec9f220 DEOPT PACKING pc=0x0000021e87af7414 sp=0x0000004d590f31c0
Event: 16.673 Thread 0x0000021efec9f220 DEOPT UNPACKING pc=0x0000021e87583aa2 sp=0x0000004d590f30f0 mode 2
Event: 16.673 Thread 0x0000021efec9f220 Uncommon trap: trap_request=0xffffff45 fr.pc=0x0000021e87b211e4 relative=0x0000000000000404
Event: 16.673 Thread 0x0000021efec9f220 Uncommon trap: reason=unstable_if action=reinterpret pc=0x0000021e87b211e4 method=java.lang.AbstractStringBuilder.isLatin1()Z @ 10 c2
Event: 16.673 Thread 0x0000021efec9f220 DEOPT PACKING pc=0x0000021e87b211e4 sp=0x0000004d590f31e0
Event: 16.674 Thread 0x0000021efec9f220 DEOPT UNPACKING pc=0x0000021e87583aa2 sp=0x0000004d590f3170 mode 2
Event: 16.675 Thread 0x0000021efec9f220 Uncommon trap: trap_request=0xffffff45 fr.pc=0x0000021e87b9e868 relative=0x0000000000000048
Event: 16.675 Thread 0x0000021efec9f220 Uncommon trap: reason=unstable_if action=reinterpret pc=0x0000021e87b9e868 method=java.lang.StringLatin1.canEncode(C)Z @ 4 c2
Event: 16.675 Thread 0x0000021efec9f220 DEOPT PACKING pc=0x0000021e87b9e868 sp=0x0000004d590f3170
Event: 16.675 Thread 0x0000021efec9f220 DEOPT UNPACKING pc=0x0000021e87583aa2 sp=0x0000004d590f30f8 mode 2
Event: 18.486 Thread 0x0000021efec9f220 Uncommon trap: trap_request=0xffffff45 fr.pc=0x0000021e87c20944 relative=0x0000000000000b04
Event: 18.487 Thread 0x0000021efec9f220 Uncommon trap: reason=unstable_if action=reinterpret pc=0x0000021e87c20944 method=jdk.internal.org.objectweb.asm.Frame.execute(IILjdk/internal/org/objectweb/asm/Symbol;Ljdk/internal/org/objectweb/asm/SymbolTable;)V @ 1 c2
Event: 18.487 Thread 0x0000021efec9f220 DEOPT PACKING pc=0x0000021e87c20944 sp=0x0000004d590f8310
Event: 18.487 Thread 0x0000021efec9f220 DEOPT UNPACKING pc=0x0000021e87583aa2 sp=0x0000004d590f8298 mode 2

Classes loaded (20 events):
Event: 16.662 Loading class sun/text/resources/cldr/FormatData_en_US
Event: 16.662 Loading class sun/text/resources/cldr/FormatData_en_US done
Event: 16.694 Loading class java/time/format/DateTimeParseException
Event: 16.695 Loading class java/time/DateTimeException
Event: 16.695 Loading class java/time/DateTimeException done
Event: 16.695 Loading class java/time/format/DateTimeParseException done
Event: 16.812 Loading class java/io/InvalidObjectException
Event: 16.812 Loading class java/io/ObjectStreamException
Event: 16.812 Loading class java/io/ObjectStreamException done
Event: 16.812 Loading class java/io/InvalidObjectException done
Event: 17.930 Loading class java/util/concurrent/atomic/AtomicReferenceArray
Event: 17.938 Loading class java/util/concurrent/atomic/AtomicReferenceArray done
Event: 17.942 Loading class java/lang/invoke/VarHandleReferences$Array
Event: 17.943 Loading class java/lang/invoke/VarHandleReferences$Array done
Event: 18.077 Loading class org/w3c/dom/Node
Event: 18.077 Loading class org/w3c/dom/Node done
Event: 18.079 Loading class javax/xml/transform/Result
Event: 18.079 Loading class javax/xml/transform/Result done
Event: 18.079 Loading class javax/xml/transform/Source
Event: 18.080 Loading class javax/xml/transform/Source done

Classes unloaded (0 events):
No events

Classes redefined (0 events):
No events

Internal exceptions (20 events):
Event: 12.567 Thread 0x0000021efec9f220 Exception <a 'java/io/FileNotFoundException'{0x00000000d6776340}> (0x00000000d6776340) 
thrown [s\src\hotspot\share\prims\jni.cpp, line 520]
Event: 12.576 Thread 0x0000021efec9f220 Exception <a 'java/io/FileNotFoundException'{0x00000000d6794350}> (0x00000000d6794350) 
thrown [s\src\hotspot\share\prims\jni.cpp, line 520]
Event: 12.578 Thread 0x0000021efec9f220 Exception <a 'java/io/FileNotFoundException'{0x00000000d679be40}> (0x00000000d679be40) 
thrown [s\src\hotspot\share\prims\jni.cpp, line 520]
Event: 13.758 Thread 0x0000021efec9f220 Exception <a 'java/lang/NoSuchMethodError'{0x00000000d6c1cc30}: 'java.lang.Object java.lang.invoke.DirectMethodHandle$Holder.newInvokeSpecial(java.lang.Object, java.lang.Object, java.lang.Object, java.lang.Object, java.lang.Object)'> (0x00000000d6c1cc30) 
thrown [s\src\hotspot\share\interpreter\linkResolver.cpp, line 773]
Event: 13.798 Thread 0x0000021efec9f220 Exception <a 'java/lang/NoSuchMethodError'{0x00000000d6d1a7d8}: 'java.lang.Object java.lang.invoke.DirectMethodHandle$Holder.invokeSpecial(java.lang.Object, java.lang.Object, java.lang.Object, long, java.lang.Object)'> (0x00000000d6d1a7d8) 
thrown [s\src\hotspot\share\interpreter\linkResolver.cpp, line 773]
Event: 13.800 Thread 0x0000021efec9f220 Exception <a 'java/lang/NoSuchMethodError'{0x00000000d6d22020}: 'java.lang.Object java.lang.invoke.DirectMethodHandle$Holder.newInvokeSpecial(java.lang.Object, java.lang.Object, java.lang.Object, long)'> (0x00000000d6d22020) 
thrown [s\src\hotspot\share\interpreter\linkResolver.cpp, line 773]
Event: 13.800 Thread 0x0000021efec9f220 Exception <a 'java/lang/NoSuchMethodError'{0x00000000d6d26310}: 'java.lang.Object java.lang.invoke.DirectMethodHandle$Holder.invokeSpecial(java.lang.Object, java.lang.Object, java.lang.Object, java.lang.Object, long)'> (0x00000000d6d26310) 
thrown [s\src\hotspot\share\interpreter\linkResolver.cpp, line 773]
Event: 13.801 Thread 0x0000021efec9f220 Exception <a 'java/lang/NoSuchMethodError'{0x00000000d6d29f30}: 'java.lang.Object java.lang.invoke.Invokers$Holder.linkToTargetMethod(java.lang.Object, java.lang.Object, long, java.lang.Object)'> (0x00000000d6d29f30) 
thrown [s\src\hotspot\share\interpreter\linkResolver.cpp, line 773]
Event: 13.847 Thread 0x0000021efec9f220 Exception <a 'java/lang/IncompatibleClassChangeError'{0x00000000d6e52808}: Found class java.lang.Object, but interface was expected> (0x00000000d6e52808) 
thrown [s\src\hotspot\share\interpreter\linkResolver.cpp, line 840]
Event: 13.849 Thread 0x0000021efec9f220 Exception <a 'java/lang/NoSuchMethodError'{0x00000000d6e56318}: 'java.lang.Object java.lang.invoke.DirectMethodHandle$Holder.invokeSpecial(java.lang.Object, java.lang.Object, java.lang.Object, int, java.lang.Object, java.lang.Object)'> (0x00000000d6e56318) 
thrown [s\src\hotspot\share\interpreter\linkResolver.cpp, line 773]
Event: 13.851 Thread 0x0000021efec9f220 Exception <a 'java/lang/NoSuchMethodError'{0x00000000d6e5dd30}: 'java.lang.Object java.lang.invoke.DirectMethodHandle$Holder.newInvokeSpecial(java.lang.Object, java.lang.Object, java.lang.Object, int, java.lang.Object)'> (0x00000000d6e5dd30) 
thrown [s\src\hotspot\share\interpreter\linkResolver.cpp, line 773]
Event: 13.852 Thread 0x0000021efec9f220 Exception <a 'java/lang/NoSuchMethodError'{0x00000000d6e61cb0}: 'java.lang.Object java.lang.invoke.DirectMethodHandle$Holder.invokeSpecial(java.lang.Object, java.lang.Object, java.lang.Object, java.lang.Object, int, java.lang.Object)'> (0x00000000d6e61cb0) 
thrown [s\src\hotspot\share\interpreter\linkResolver.cpp, line 773]
Event: 13.853 Thread 0x0000021efec9f220 Exception <a 'java/lang/NoSuchMethodError'{0x00000000d6e657f0}: 'java.lang.Object java.lang.invoke.Invokers$Holder.linkToTargetMethod(java.lang.Object, java.lang.Object, int, java.lang.Object, java.lang.Object)'> (0x00000000d6e657f0) 
thrown [s\src\hotspot\share\interpreter\linkResolver.cpp, line 773]
Event: 13.854 Thread 0x0000021efec0e6f0 Exception <a 'java/lang/NoSuchMethodError'{0x00000000d6d71ac8}: 'java.lang.Object java.lang.invoke.DirectMethodHandle$Holder.invokeSpecial(java.lang.Object, java.lang.Object, int, java.lang.Object, java.lang.Object)'> (0x00000000d6d71ac8) 
thrown [s\src\hotspot\share\interpreter\linkResolver.cpp, line 773]
Event: 13.898 Thread 0x0000021efec9f220 Exception <a 'java/lang/NoSuchMethodError'{0x00000000d56b5780}: 'void java.lang.invoke.DirectMethodHandle$Holder.invokeSpecial(java.lang.Object, java.lang.Object, java.lang.Object, java.lang.Object, java.lang.Object)'> (0x00000000d56b5780) 
thrown [s\src\hotspot\share\interpreter\linkResolver.cpp, line 773]
Event: 14.166 Thread 0x0000021efec9f220 Exception <a 'java/lang/NoSuchMethodError'{0x00000000d5e95b50}: 'java.lang.Object java.lang.invoke.DirectMethodHandle$Holder.invokeInterface(java.lang.Object, java.lang.Object, java.lang.Object)'> (0x00000000d5e95b50) 
thrown [s\src\hotspot\share\interpreter\linkResolver.cpp, line 773]
Event: 15.321 Thread 0x0000021efec9f220 Exception <a 'java/lang/NoSuchMethodError'{0x00000000d630f988}: 'java.lang.Object java.lang.invoke.Invokers$Holder.linkToTargetMethod(java.lang.Object, long, java.lang.Object, java.lang.Object)'> (0x00000000d630f988) 
thrown [s\src\hotspot\share\interpreter\linkResolver.cpp, line 773]
Event: 15.535 Thread 0x0000021efec9f220 Exception <a 'java/io/FileNotFoundException'{0x00000000d6ace6e8}> (0x00000000d6ace6e8) 
thrown [s\src\hotspot\share\prims\jni.cpp, line 520]
Event: 15.538 Thread 0x0000021efec9f220 Exception <a 'java/lang/NoSuchMethodError'{0x00000000d6ad6d08}: 'java.lang.Object java.lang.invoke.DirectMethodHandle$Holder.newInvokeSpecial(java.lang.Object, int, java.lang.Object, java.lang.Object)'> (0x00000000d6ad6d08) 
thrown [s\src\hotspot\share\interpreter\linkResolver.cpp, line 773]
Event: 18.484 Thread 0x0000021efec9f220 Exception <a 'java/lang/NoSuchMethodError'{0x00000000d6047ed8}: 'double java.lang.invoke.DirectMethodHandle$Holder.invokeStatic(java.lang.Object, java.lang.Object)'> (0x00000000d6047ed8) 
thrown [s\src\hotspot\share\interpreter\linkResolver.cpp, line 773]

ZGC Phase Switch (0 events):
No events

VM Operations (20 events):
Event: 12.512 Executing safepoint VM operation: ICBufferFull done
Event: 13.514 Executing safepoint VM operation: Cleanup
Event: 13.514 Executing safepoint VM operation: Cleanup done
Event: 13.710 Executing non-safepoint VM operation: HandshakeAllThreads (Deoptimize)
Event: 13.710 Executing non-safepoint VM operation: HandshakeAllThreads (Deoptimize) done
Event: 13.856 Executing safepoint VM operation: ParallelGCFailedAllocation (Allocation Failure)
Event: 13.862 Executing safepoint VM operation: ParallelGCFailedAllocation (Allocation Failure) done
Event: 14.024 Executing non-safepoint VM operation: HandshakeAllThreads (Deoptimize)
Event: 14.024 Executing non-safepoint VM operation: HandshakeAllThreads (Deoptimize) done
Event: 14.092 Executing non-safepoint VM operation: HandshakeAllThreads (Deoptimize)
Event: 14.092 Executing non-safepoint VM operation: HandshakeAllThreads (Deoptimize) done
Event: 14.103 Executing non-safepoint VM operation: HandshakeAllThreads (Deoptimize)
Event: 14.103 Executing non-safepoint VM operation: HandshakeAllThreads (Deoptimize) done
Event: 15.091 Executing safepoint VM operation: Cleanup
Event: 15.234 Executing safepoint VM operation: Cleanup done
Event: 16.236 Executing safepoint VM operation: Cleanup
Event: 16.237 Executing safepoint VM operation: Cleanup done
Event: 16.664 Executing safepoint VM operation: ParallelGCFailedAllocation (Allocation Failure)
Event: 16.673 Executing safepoint VM operation: ParallelGCFailedAllocation (Allocation Failure) done
Event: 18.677 Executing safepoint VM operation: Cleanup

Memory protections (0 events):
No events

Nmethod flushes (0 events):
No events

Events (20 events):
Event: 5.425 Thread 0x0000021eff2a2100 Thread exited: 0x0000021eff2a2100
Event: 5.729 Thread 0x0000021ef5855510 Thread added: 0x0000021eff2b93e0
Event: 6.036 Thread 0x0000021eff2b93e0 Thread exited: 0x0000021eff2b93e0
Event: 6.265 Thread 0x0000021ef34f8c60 Thread added: 0x0000021eff3af640
Event: 7.296 Thread 0x0000021ef34f8c60 Thread added: 0x0000021ed41544c0
Event: 7.419 Thread 0x0000021ed41544c0 Thread added: 0x0000021efef58ce0
Event: 7.428 Thread 0x0000021ef34f8c60 Thread added: 0x0000021efec9f220
Event: 8.807 Thread 0x0000021ef585c140 Thread added: 0x0000021eff244030
Event: 10.438 Thread 0x0000021efec9f220 Thread added: 0x0000021ed479c7a0
Event: 10.543 Thread 0x0000021eff244030 Thread exited: 0x0000021eff244030
Event: 11.401 Thread 0x0000021efec9f220 Thread added: 0x0000021ed44a1be0
Event: 11.829 Thread 0x0000021ef585c140 Thread added: 0x0000021ed428f730
Event: 12.211 Thread 0x0000021efec9f220 Thread added: 0x0000021efec53050
Event: 12.498 Thread 0x0000021ed428f730 Thread exited: 0x0000021ed428f730
Event: 13.808 Thread 0x0000021efec9f220 Thread added: 0x0000021efec0e6f0
Event: 13.856 Thread 0x0000021efec9f220 Thread added: 0x0000021efec0ccb0
Event: 15.237 Thread 0x0000021ef585c140 Thread added: 0x0000021ed463d980
Event: 15.427 Thread 0x0000021ed463d980 Thread exited: 0x0000021ed463d980
Event: 16.705 Thread 0x0000021ef585c140 Thread added: 0x0000021ed4ce0120
Event: 16.949 Thread 0x0000021ed4ce0120 Thread exited: 0x0000021ed4ce0120


Dynamic libraries:
0x00007ff697970000 - 0x00007ff69797e000 	c:\Users\laura\.vscode\extensions\redhat.java-1.54.0-win32-x64\jre\21.0.10-win32-x86_64\bin\java.exe
0x00007ffc32da0000 - 0x00007ffc33007000 	C:\WINDOWS\SYSTEM32\ntdll.dll
0x00007ffc31590000 - 0x00007ffc31659000 	C:\WINDOWS\System32\KERNEL32.DLL
0x00007ffc2fb30000 - 0x00007ffc2ff27000 	C:\WINDOWS\System32\KERNELBASE.dll
0x00007ffc2f7d0000 - 0x00007ffc2f91b000 	C:\WINDOWS\System32\ucrtbase.dll
0x00007ffbff410000 - 0x00007ffbff428000 	c:\Users\laura\.vscode\extensions\redhat.java-1.54.0-win32-x64\jre\21.0.10-win32-x86_64\bin\jli.dll
0x00007ffc31900000 - 0x00007ffc31ac6000 	C:\WINDOWS\System32\USER32.dll
0x00007ffc2ffe0000 - 0x00007ffc30007000 	C:\WINDOWS\System32\win32u.dll
0x00007ffc31310000 - 0x00007ffc3133b000 	C:\WINDOWS\System32\GDI32.dll
0x00007ffc309f0000 - 0x00007ffc30b1c000 	C:\WINDOWS\System32\gdi32full.dll
0x00007ffc30010000 - 0x00007ffc300b3000 	C:\WINDOWS\System32\msvcp_win.dll
0x00007ffbf61d0000 - 0x00007ffbf61ee000 	c:\Users\laura\.vscode\extensions\redhat.java-1.54.0-win32-x64\jre\21.0.10-win32-x86_64\bin\VCRUNTIME140.dll
0x00007ffc1dcf0000 - 0x00007ffc1df82000 	C:\WINDOWS\WinSxS\amd64_microsoft.windows.common-controls_6595b64144ccf1df_6.0.26100.8457_none_3e0b2faee331e92d\COMCTL32.dll
0x00007ffc30f10000 - 0x00007ffc30fb9000 	C:\WINDOWS\System32\msvcrt.dll
0x00007ffc30c40000 - 0x00007ffc30c72000 	C:\WINDOWS\System32\IMM32.DLL
0x00007ffc223f0000 - 0x00007ffc223fc000 	c:\Users\laura\.vscode\extensions\redhat.java-1.54.0-win32-x64\jre\21.0.10-win32-x86_64\bin\vcruntime140_1.dll
0x00007ffbb1f60000 - 0x00007ffbb1fed000 	c:\Users\laura\.vscode\extensions\redhat.java-1.54.0-win32-x64\jre\21.0.10-win32-x86_64\bin\msvcp140.dll
0x00007ffb8b530000 - 0x00007ffb8c2d1000 	c:\Users\laura\.vscode\extensions\redhat.java-1.54.0-win32-x64\jre\21.0.10-win32-x86_64\bin\server\jvm.dll
0x00007ffc31840000 - 0x00007ffc318f6000 	C:\WINDOWS\System32\ADVAPI32.dll
0x00007ffc314e0000 - 0x00007ffc31587000 	C:\WINDOWS\System32\sechost.dll
0x00007ffc30c80000 - 0x00007ffc30d98000 	C:\WINDOWS\System32\RPCRT4.dll
0x00007ffc32c40000 - 0x00007ffc32cc0000 	C:\WINDOWS\System32\WS2_32.dll
0x00007ffc28b10000 - 0x00007ffc28b1b000 	C:\WINDOWS\SYSTEM32\VERSION.dll
0x00007ffc2f630000 - 0x00007ffc2f68e000 	C:\WINDOWS\SYSTEM32\POWRPROF.dll
0x00007ffc28ad0000 - 0x00007ffc28b06000 	C:\WINDOWS\SYSTEM32\WINMM.dll
0x00007ffc2f610000 - 0x00007ffc2f624000 	C:\WINDOWS\SYSTEM32\UMPDC.dll
0x00007ffc2e560000 - 0x00007ffc2e57b000 	C:\WINDOWS\SYSTEM32\kernel.appcore.dll
0x00007ffc21f30000 - 0x00007ffc21f3a000 	c:\Users\laura\.vscode\extensions\redhat.java-1.54.0-win32-x64\jre\21.0.10-win32-x86_64\bin\jimage.dll
0x00007ffc2d980000 - 0x00007ffc2dbc2000 	C:\WINDOWS\SYSTEM32\DBGHELP.DLL
0x00007ffc32730000 - 0x00007ffc32ab3000 	C:\WINDOWS\System32\combase.dll
0x00007ffc30da0000 - 0x00007ffc30e79000 	C:\WINDOWS\System32\OLEAUT32.dll
0x00007ffc0d7e0000 - 0x00007ffc0d81b000 	C:\WINDOWS\SYSTEM32\dbgcore.DLL
0x00007ffc2ff30000 - 0x00007ffc2ffd8000 	C:\WINDOWS\System32\bcryptPrimitives.dll
0x00007ffc16e00000 - 0x00007ffc16e0f000 	c:\Users\laura\.vscode\extensions\redhat.java-1.54.0-win32-x64\jre\21.0.10-win32-x86_64\bin\instrument.dll
0x00007ffc011b0000 - 0x00007ffc011d0000 	c:\Users\laura\.vscode\extensions\redhat.java-1.54.0-win32-x64\jre\21.0.10-win32-x86_64\bin\java.dll
0x00007ffc31af0000 - 0x00007ffc3225e000 	C:\WINDOWS\System32\SHELL32.dll
0x00007ffc300c0000 - 0x00007ffc3092c000 	C:\WINDOWS\System32\windows.storage.dll
0x00007ffc32ac0000 - 0x00007ffc32bb6000 	C:\WINDOWS\System32\SHCORE.dll
0x00007ffc30e90000 - 0x00007ffc30ef6000 	C:\WINDOWS\System32\shlwapi.dll
0x00007ffc2f6f0000 - 0x00007ffc2f719000 	C:\WINDOWS\SYSTEM32\profapi.dll
0x00007ffbff280000 - 0x00007ffbff298000 	c:\Users\laura\.vscode\extensions\redhat.java-1.54.0-win32-x64\jre\21.0.10-win32-x86_64\bin\zip.dll
0x00007ffc09c80000 - 0x00007ffc09c90000 	C:\Users\laura\.vscode\extensions\redhat.java-1.54.0-win32-x64\jre\21.0.10-win32-x86_64\bin\net.dll
0x00007ffc25980000 - 0x00007ffc25aa9000 	C:\WINDOWS\SYSTEM32\WINHTTP.dll
0x00007ffc2ead0000 - 0x00007ffc2eb3c000 	C:\WINDOWS\system32\mswsock.dll
0x00007ffbf8480000 - 0x00007ffbf8496000 	C:\Users\laura\.vscode\extensions\redhat.java-1.54.0-win32-x64\jre\21.0.10-win32-x86_64\bin\nio.dll
0x00007ffc08ae0000 - 0x00007ffc08af0000 	c:\Users\laura\.vscode\extensions\redhat.java-1.54.0-win32-x64\jre\21.0.10-win32-x86_64\bin\verify.dll
0x00007ffbaa6c0000 - 0x00007ffbaa705000 	C:\Users\laura\AppData\Roaming\Code\User\globalStorage\redhat.java\1.54.0\config_win\org.eclipse.equinox.launcher\org.eclipse.equinox.launcher.win32.win32.x86_64_1.3.0.v20260203-2149\eclipse_11919.dll
0x00007ffc31340000 - 0x00007ffc314d7000 	C:\WINDOWS\System32\ole32.dll
0x00007ffc241d0000 - 0x00007ffc241da000 	C:\Users\laura\.vscode\extensions\redhat.java-1.54.0-win32-x64\jre\21.0.10-win32-x86_64\bin\management.dll
0x00007ffc241b0000 - 0x00007ffc241bc000 	C:\Users\laura\.vscode\extensions\redhat.java-1.54.0-win32-x64\jre\21.0.10-win32-x86_64\bin\management_ext.dll
0x00007ffc31120000 - 0x00007ffc31128000 	C:\WINDOWS\System32\PSAPI.DLL

JVMTI agents:
c:\Users\laura\.vscode\extensions\redhat.java-1.54.0-win32-x64\lombok\lombok-1.18.39-4050.jar path:c:\Users\laura\.vscode\extensions\redhat.java-1.54.0-win32-x64\jre\21.0.10-win32-x86_64\bin\instrument.dll, loaded, initialized, instrumentlib options:none

dbghelp: loaded successfully - version: 4.0.5 - missing functions: none
symbol engine: initialized successfully - sym options: 0x614 - pdb path: .;c:\Users\laura\.vscode\extensions\redhat.java-1.54.0-win32-x64\jre\21.0.10-win32-x86_64\bin;C:\WINDOWS\SYSTEM32;C:\WINDOWS\WinSxS\amd64_microsoft.windows.common-controls_6595b64144ccf1df_6.0.26100.8457_none_3e0b2faee331e92d;c:\Users\laura\.vscode\extensions\redhat.java-1.54.0-win32-x64\jre\21.0.10-win32-x86_64\bin\server;C:\Users\laura\AppData\Roaming\Code\User\globalStorage\redhat.java\1.54.0\config_win\org.eclipse.equinox.launcher\org.eclipse.equinox.launcher.win32.win32.x86_64_1.3.0.v20260203-2149

VM Arguments:
jvm_args: --add-modules=ALL-SYSTEM --add-opens=java.base/java.util=ALL-UNNAMED --add-opens=java.base/java.lang=ALL-UNNAMED --add-opens=java.base/sun.nio.fs=ALL-UNNAMED -Declipse.application=org.eclipse.jdt.ls.core.id1 -Dosgi.bundles.defaultStartLevel=4 -Declipse.product=org.eclipse.jdt.ls.core.product -Djava.import.generatesMetadataFilesAtProjectRoot=false -DDetectVMInstallationsJob.disabled=true -Dfile.encoding=utf8 -XX:+UseParallelGC -XX:GCTimeRatio=4 -XX:AdaptiveSizePolicyWeight=90 -Dsun.zip.disableMemoryMapping=true -Xmx2G -Xms100m -Xlog:disable -javaagent:c:\Users\laura\.vscode\extensions\redhat.java-1.54.0-win32-x64\lombok\lombok-1.18.39-4050.jar -XX:+HeapDumpOnOutOfMemoryError -XX:HeapDumpPath=c:\Users\laura\AppData\Roaming\Code\User\workspaceStorage\8802279ea4ffc004fdd5b6e2f169f347\redhat.java -Daether.dependencyCollector.impl=bf 
java_command: c:\Users\laura\.vscode\extensions\redhat.java-1.54.0-win32-x64\server\plugins\org.eclipse.equinox.launcher_1.7.100.v20251111-0406.jar -configuration c:\Users\laura\AppData\Roaming\Code\User\globalStorage\redhat.java\1.54.0\config_win -data c:\Users\laura\AppData\Roaming\Code\User\workspaceStorage\8802279ea4ffc004fdd5b6e2f169f347\redhat.java\jdt_ws --pipe=\\.\pipe\lsp-a7a5161c0cbbd5b912303689bb213c17-sock
java_class_path (initial): c:\Users\laura\.vscode\extensions\redhat.java-1.54.0-win32-x64\server\plugins\org.eclipse.equinox.launcher_1.7.100.v20251111-0406.jar
Launcher Type: SUN_STANDARD

[Global flags]
    uintx AdaptiveSizePolicyWeight                 = 90                                        {product} {command line}
     intx CICompilerCount                          = 4                                         {product} {ergonomic}
    uintx GCTimeRatio                              = 4                                         {product} {command line}
     bool HeapDumpOnOutOfMemoryError               = true                                   {manageable} {command line}
    ccstr HeapDumpPath                             = c:\Users\laura\AppData\Roaming\Code\User\workspaceStorage\8802279ea4ffc004fdd5b6e2f169f347\redhat.java         {manageable} {command line}
   size_t InitialHeapSize                          = 104857600                                 {product} {command line}
   size_t MaxHeapSize                              = 2147483648                                {product} {command line}
   size_t MaxNewSize                               = 715653120                                 {product} {ergonomic}
   size_t MinHeapDeltaBytes                        = 524288                                    {product} {ergonomic}
   size_t MinHeapSize                              = 104857600                                 {product} {command line}
   size_t NewSize                                  = 34603008                                  {product} {ergonomic}
    uintx NonNMethodCodeHeapSize                   = 5839372                                {pd product} {ergonomic}
    uintx NonProfiledCodeHeapSize                  = 122909434                              {pd product} {ergonomic}
   size_t OldSize                                  = 70254592                                  {product} {ergonomic}
    uintx ProfiledCodeHeapSize                     = 122909434                              {pd product} {ergonomic}
    uintx ReservedCodeCacheSize                    = 251658240                              {pd product} {ergonomic}
     bool SegmentedCodeCache                       = true                                      {product} {ergonomic}
   size_t SoftMaxHeapSize                          = 2147483648                             {manageable} {ergonomic}
     bool UseCompressedOops                        = true                           {product lp64_product} {ergonomic}
     bool UseLargePagesIndividualAllocation        = false                                  {pd product} {ergonomic}
     bool UseParallelGC                            = true                                      {product} {command line}

Logging:
Log output configuration:
 #0: stdout all=off uptime,level,tags foldmultilines=false
 #1: stderr all=off uptime,level,tags foldmultilines=false

Release file:
JAVA_VERSION="21.0.10" 
MODULES="java.base java.compiler java.datatransfer java.xml java.prefs java.desktop java.instrument java.logging java.management java.security.sasl java.naming java.rmi java.management.rmi java.net.http java.scripting java.security.jgss java.transaction.xa java.sql java.sql.rowset java.xml.crypto java.se java.smartcardio jdk.accessibility jdk.internal.jvmstat jdk.attach jdk.charsets jdk.internal.opt jdk.zipfs jdk.compiler jdk.crypto.ec jdk.crypto.cryptoki jdk.crypto.mscapi jdk.dynalink jdk.internal.ed jdk.editpad jdk.hotspot.agent jdk.httpserver jdk.internal.le jdk.internal.vm.ci jdk.internal.vm.compiler jdk.internal.vm.compiler.management jdk.jartool jdk.javadoc jdk.jcmd jdk.management jdk.management.agent jdk.jconsole jdk.jdeps jdk.jdwp.agent jdk.jdi jdk.jfr jdk.jshell jdk.jsobject jdk.jstatd jdk.localedata jdk.management.jfr jdk.naming.dns jdk.naming.rmi jdk.net jdk.nio.mapmode jdk.random jdk.sctp jdk.security.auth jdk.security.jgss jdk.unsupported jdk.unsupported.desktop jdk.xml.dom" 

Environment Variables:
JAVA_HOME=C:\Program Files\Java\jdk-23
PATH=C:\Python313\Scripts\;C:\Python313\;C:\Program Files\Common Files\Oracle\Java\javapath;C:\Program Files (x86)\Common Files\Oracle\Java\java8path;C:\Program Files (x86)\Common Files\Oracle\Java\javapath;C:\ProgramData\Oracle\Java\javapath;C:\WINDOWS\system32;C:\WINDOWS;C:\WINDOWS\System32\Wbem;C:\WINDOWS\System32\WindowsPowerShell\v1.0\;C:\WINDOWS\System32\OpenSSH\;C:\Program Files\Git\cmd;C:\Program Files\Java\jdk-23;C:\Program Files\nodejs\;C:\ProgramData\chocolatey\bin;C:\Program Files\PostgreSQL\17\bin;;C:\Program Files\Docker\Docker\resources\bin;C:\Users\laura\AppData\Local\Microsoft\WindowsApps;C:\Users\laura\AppData\Local\Programs\Microsoft VS Code\bin;C:\Users\laura\AppData\Local\GitHubDesktop\bin;C:\Program Files\Java\jdk-23;;C:\Program Files\JetBrains\IntelliJ IDEA 2024.3.2.2\bin;;C:\Users\laura\AppData\Roaming\npm
USERNAME=laura
OS=Windows_NT
PROCESSOR_IDENTIFIER=AMD64 Family 23 Model 24 Stepping 1, AuthenticAMD
TMP=C:\Users\laura\AppData\Local\Temp
TEMP=C:\Users\laura\AppData\Local\Temp




Periodic native trim disabled

---------------  S Y S T E M  ---------------

OS:
 Windows 11 , 64 bit Build 26100 (10.0.26100.8328)
OS uptime: 2 days 18:59 hours
Hyper-V role detected

CPU: total 8 (initial active 8) (8 cores per cpu, 2 threads per core) family 23 model 24 stepping 1 microcode 0x8108102, cx8, cmov, fxsr, ht, mmx, 3dnowpref, sse, sse2, sse3, ssse3, sse4a, sse4.1, sse4.2, popcnt, lzcnt, tsc, tscinvbit, avx, avx2, aes, clmul, bmi1, bmi2, adx, sha, fma, vzeroupper, clflush, clflushopt, hv, rdtscp, f16c
Processor Information for the first 8 processors :
  Max Mhz: 2100, Current Mhz: 2100, Mhz Limit: 2100

Memory: 4k page, system-wide physical 6020M (284M free)
TotalPageFile size 24452M (AvailPageFile size 86M)
current process WorkingSet (physical memory assigned to process): 145M, peak: 145M
current process commit charge ("private bytes"): 282M, peak: 283M

vm_info: OpenJDK 64-Bit Server VM (21.0.10+7-LTS) for windows-amd64 JRE (21.0.10+7-LTS), built on 2026-01-20T00:00:00Z by "admin" with MS VC++ 17.12 (VS2022)

END.
