#
# There is insufficient memory for the Java Runtime Environment to continue.
# Native memory allocation (malloc) failed to allocate 2053936 bytes. Error detail: Chunk::new
# Possible reasons:
#   The system is out of physical RAM or swap space
#   This process is running with CompressedOops enabled, and the Java Heap may be blocking the growth of the native heap
# Possible solutions:
#   Reduce memory load on the system
#   Increase physical memory or swap space
#   Check if swap backing store is full
#   Decrease Java heap size (-Xmx/-Xms)
#   Decrease number of Java threads
#   Decrease Java thread stack sizes (-Xss)
#   Set larger code cache with -XX:ReservedCodeCacheSize=
#   JVM is running with Unscaled Compressed Oops mode in which the Java heap is
#     placed in the first 4GB address space. The Java Heap base address is the
#     maximum limit for the native heap growth. Please use -XX:HeapBaseMinAddress
#     to set the Java Heap base and to place the Java Heap above 4GB virtual address.
# This output file may be truncated or incomplete.
#
#  Out of Memory Error (arena.cpp:168), pid=1560, tid=38136
#
# JRE version: OpenJDK Runtime Environment Temurin-21.0.10+7 (21.0.10+7) (build 21.0.10+7-LTS)
# Java VM: OpenJDK 64-Bit Server VM Temurin-21.0.10+7 (21.0.10+7-LTS, mixed mode, sharing, tiered, compressed oops, compressed class ptrs, parallel gc, windows-amd64)
# No core dump will be written. Minidumps are not enabled by default on client versions of Windows
#

---------------  S U M M A R Y ------------

Command Line: --add-modules=ALL-SYSTEM --add-opens=java.base/java.util=ALL-UNNAMED --add-opens=java.base/java.lang=ALL-UNNAMED --add-opens=java.base/sun.nio.fs=ALL-UNNAMED -Declipse.application=org.eclipse.jdt.ls.core.id1 -Dosgi.bundles.defaultStartLevel=4 -Declipse.product=org.eclipse.jdt.ls.core.product -Djava.import.generatesMetadataFilesAtProjectRoot=false -DDetectVMInstallationsJob.disabled=true -Dfile.encoding=utf8 -XX:+UseParallelGC -XX:GCTimeRatio=4 -XX:AdaptiveSizePolicyWeight=90 -Dsun.zip.disableMemoryMapping=true -Xmx2G -Xms100m -Xlog:disable -javaagent:c:\Users\laura\.vscode\extensions\redhat.java-1.54.0-win32-x64\lombok\lombok-1.18.39-4050.jar -XX:+HeapDumpOnOutOfMemoryError -XX:HeapDumpPath=c:\Users\laura\AppData\Roaming\Code\User\workspaceStorage\8802279ea4ffc004fdd5b6e2f169f347\redhat.java -Daether.dependencyCollector.impl=bf c:\Users\laura\.vscode\extensions\redhat.java-1.54.0-win32-x64\server\plugins\org.eclipse.equinox.launcher_1.7.100.v20251111-0406.jar -configuration c:\Users\laura\AppData\Roaming\Code\User\globalStorage\redhat.java\1.54.0\config_win -data c:\Users\laura\AppData\Roaming\Code\User\workspaceStorage\8802279ea4ffc004fdd5b6e2f169f347\redhat.java\jdt_ws --pipe=\\.\pipe\lsp-083c7dc0904f3928bcc96b0be1a570f6-sock

Host: AMD Ryzen 5 3500U with Radeon Vega Mobile Gfx  , 8 cores, 5G,  Windows 11 , 64 bit Build 26100 (10.0.26100.8328)
Time: Tue May 26 09:07:55 2026 Hora est. Pacífico, Sudamérica elapsed time: 45.856216 seconds (0d 0h 0m 45s)

---------------  T H R E A D  ---------------

Current thread (0x000001d2d4754560):  JavaThread "C2 CompilerThread1" daemon [_thread_in_native, id=38136, stack(0x000000a3df500000,0x000000a3df600000) (1024K)]


Current CompileTask:
C2:45856 5926   !   4       org.eclipse.osgi.internal.loader.classpath.ClasspathManager::findClassImpl (328 bytes)

Stack: [0x000000a3df500000,0x000000a3df600000]
Native frames: (J=compiled Java code, j=interpreted, Vv=VM code, C=native code)
V  [jvm.dll+0x6d7a39]
V  [jvm.dll+0x8b4b26]
V  [jvm.dll+0x8b70de]
V  [jvm.dll+0x8b77c3]
V  [jvm.dll+0x284346]
V  [jvm.dll+0xc66ed]
V  [jvm.dll+0xc6c31]
V  [jvm.dll+0x3bec3b]
V  [jvm.dll+0x1e3f69]
V  [jvm.dll+0x24c6b3]
V  [jvm.dll+0x24bb40]
V  [jvm.dll+0x1cb34e]
V  [jvm.dll+0x25b85d]
V  [jvm.dll+0x259dea]
V  [jvm.dll+0x3f857e]
V  [jvm.dll+0x85f59d]
V  [jvm.dll+0x6d626d]
C  [ucrtbase.dll+0x37b0]
C  [KERNEL32.DLL+0x2e957]
C  [ntdll.dll+0x427c]


---------------  P R O C E S S  ---------------

Threads class SMR info:
_java_thread_list=0x000001d2d6dc8890, length=38, elements={
0x000001d2f273f200, 0x000001d2f27f9330, 0x000001d2f27fd900, 0x000001d2fa1b5530,
0x000001d2fa1b7fa0, 0x000001d2fa1b9ff0, 0x000001d2fa1baa50, 0x000001d2fa1bd8a0,
0x000001d2fa1ed5e0, 0x000001d2d41d2d60, 0x000001d2d4338e30, 0x000001d2d48c6ab0,
0x000001d2d4aa0a40, 0x000001d2d4aa3830, 0x000001d2d4aa2b10, 0x000001d2d4aa1df0,
0x000001d2d475cd00, 0x000001d2d475edd0, 0x000001d2d475e0b0, 0x000001d2d475e740,
0x000001d2d475f460, 0x000001d2d475faf0, 0x000001d2d4754560, 0x000001d2d4760180,
0x000001d2d4760ea0, 0x000001d2d475da20, 0x000001d2d4762250, 0x000001d2d4762f70,
0x000001d2d4763600, 0x000001d2d4763c90, 0x000001d2d47628e0, 0x000001d2d4764320,
0x000001d2d4761530, 0x000001d2d4761bc0, 0x000001d2d4aa1760, 0x000001d2d4aa10d0,
0x000001d2d4aa2480, 0x000001d2d4385d60
}

Java Threads: ( => current thread )
  0x000001d2f273f200 JavaThread "main"                              [_thread_in_vm, id=19344, stack(0x000000a3ddc00000,0x000000a3ddd00000) (1024K)]
  0x000001d2f27f9330 JavaThread "Reference Handler"          daemon [_thread_blocked, id=34964, stack(0x000000a3de000000,0x000000a3de100000) (1024K)]
  0x000001d2f27fd900 JavaThread "Finalizer"                  daemon [_thread_blocked, id=29600, stack(0x000000a3de100000,0x000000a3de200000) (1024K)]
  0x000001d2fa1b5530 JavaThread "Signal Dispatcher"          daemon [_thread_blocked, id=31664, stack(0x000000a3de200000,0x000000a3de300000) (1024K)]
  0x000001d2fa1b7fa0 JavaThread "Attach Listener"            daemon [_thread_blocked, id=39988, stack(0x000000a3de300000,0x000000a3de400000) (1024K)]
  0x000001d2fa1b9ff0 JavaThread "Service Thread"             daemon [_thread_blocked, id=1596, stack(0x000000a3de400000,0x000000a3de500000) (1024K)]
  0x000001d2fa1baa50 JavaThread "Monitor Deflation Thread"   daemon [_thread_blocked, id=37568, stack(0x000000a3de500000,0x000000a3de600000) (1024K)]
  0x000001d2fa1bd8a0 JavaThread "C2 CompilerThread0"         daemon [_thread_in_native, id=8068, stack(0x000000a3de600000,0x000000a3de700000) (1024K)]
  0x000001d2fa1ed5e0 JavaThread "C1 CompilerThread0"         daemon [_thread_in_native, id=24460, stack(0x000000a3de700000,0x000000a3de800000) (1024K)]
  0x000001d2d41d2d60 JavaThread "Common-Cleaner"             daemon [_thread_blocked, id=40156, stack(0x000000a3de800000,0x000000a3de900000) (1024K)]
  0x000001d2d4338e30 JavaThread "Notification Thread"        daemon [_thread_blocked, id=33464, stack(0x000000a3de900000,0x000000a3dea00000) (1024K)]
  0x000001d2d48c6ab0 JavaThread "Active Thread: Equinox Container: fefe043c-dc2f-46f9-86e5-dabb33acd01c"        [_thread_blocked, id=26992, stack(0x000000a3df600000,0x000000a3df700000) (1024K)]
  0x000001d2d4aa0a40 JavaThread "Framework Event Dispatcher: Equinox Container: fefe043c-dc2f-46f9-86e5-dabb33acd01c" daemon [_thread_blocked, id=33384, stack(0x000000a3df700000,0x000000a3df800000) (1024K)]
  0x000001d2d4aa3830 JavaThread "Start Level: Equinox Container: fefe043c-dc2f-46f9-86e5-dabb33acd01c" daemon [_thread_blocked, id=39344, stack(0x000000a3df800000,0x000000a3df900000) (1024K)]
  0x000001d2d4aa2b10 JavaThread "Bundle File Closer"         daemon [_thread_blocked, id=27420, stack(0x000000a3dfa00000,0x000000a3dfb00000) (1024K)]
  0x000001d2d4aa1df0 JavaThread "Refresh Thread: Equinox Container: fefe043c-dc2f-46f9-86e5-dabb33acd01c" daemon [_thread_blocked, id=4552, stack(0x000000a3dfb00000,0x000000a3dfc00000) (1024K)]
  0x000001d2d475cd00 JavaThread "SCR Component Actor"        daemon [_thread_blocked, id=32944, stack(0x000000a3dff00000,0x000000a3e0000000) (1024K)]
  0x000001d2d475edd0 JavaThread "Worker-JM"                         [_thread_blocked, id=31144, stack(0x000000a3df000000,0x000000a3df100000) (1024K)]
  0x000001d2d475e0b0 JavaThread "Worker-0: Repository registry initialization"        [_thread_in_native, id=15680, stack(0x000000a3df100000,0x000000a3df200000) (1024K)]
  0x000001d2d475e740 JavaThread "Worker-1: Updating Maven Dependencies"        [_thread_blocked, id=17048, stack(0x000000a3df200000,0x000000a3df300000) (1024K)]
  0x000001d2d475f460 JavaThread "Worker-2: Loading available Gradle versions"        [_thread_in_vm, id=8800, stack(0x000000a3df300000,0x000000a3df400000) (1024K)]
  0x000001d2d475faf0 JavaThread "Worker-3: Initialize After Load"        [_thread_blocked, id=40000, stack(0x000000a3df400000,0x000000a3df500000) (1024K)]
=>0x000001d2d4754560 JavaThread "C2 CompilerThread1"         daemon [_thread_in_native, id=38136, stack(0x000000a3df500000,0x000000a3df600000) (1024K)]
  0x000001d2d4760180 JavaThread "Java indexing"              daemon [_thread_blocked, id=20200, stack(0x000000a3dfd00000,0x000000a3dfe00000) (1024K)]
  0x000001d2d4760ea0 JavaThread "JNA Cleaner"                daemon [_thread_blocked, id=12300, stack(0x000000a3dfc00000,0x000000a3dfd00000) (1024K)]
  0x000001d2d475da20 JavaThread "Worker-4"                          [_thread_blocked, id=1216, stack(0x000000a3e0200000,0x000000a3e0300000) (1024K)]
  0x000001d2d4762250 JavaThread "Worker-5"                          [_thread_blocked, id=17624, stack(0x000000a3e0300000,0x000000a3e0400000) (1024K)]
  0x000001d2d4762f70 JavaThread "Thread-1"                   daemon [_thread_in_native, id=18556, stack(0x000000a3e0400000,0x000000a3e0500000) (1024K)]
  0x000001d2d4763600 JavaThread "Thread-2"                   daemon [_thread_in_native, id=8652, stack(0x000000a3e0500000,0x000000a3e0600000) (1024K)]
  0x000001d2d4763c90 JavaThread "Thread-3"                   daemon [_thread_in_native, id=16636, stack(0x000000a3e0600000,0x000000a3e0700000) (1024K)]
  0x000001d2d47628e0 JavaThread "Thread-4"                   daemon [_thread_in_native, id=16616, stack(0x000000a3e0700000,0x000000a3e0800000) (1024K)]
  0x000001d2d4764320 JavaThread "Thread-5"                   daemon [_thread_in_native, id=35716, stack(0x000000a3e0800000,0x000000a3e0900000) (1024K)]
  0x000001d2d4761530 JavaThread "Thread-6"                   daemon [_thread_in_native, id=14920, stack(0x000000a3e0900000,0x000000a3e0a00000) (1024K)]
  0x000001d2d4761bc0 JavaThread "Thread-7"                   daemon [_thread_in_native, id=19484, stack(0x000000a3e0a00000,0x000000a3e0b00000) (1024K)]
  0x000001d2d4aa1760 JavaThread "Thread-8"                   daemon [_thread_in_native, id=39688, stack(0x000000a3e0b00000,0x000000a3e0c00000) (1024K)]
  0x000001d2d4aa10d0 JavaThread "Thread-9"                   daemon [_thread_in_native, id=13140, stack(0x000000a3e0c00000,0x000000a3e0d00000) (1024K)]
  0x000001d2d4aa2480 JavaThread "pool-2-thread-1"                   [_thread_blocked, id=28924, stack(0x000000a3e0d00000,0x000000a3e0e00000) (1024K)]
  0x000001d2d4385d60 JavaThread "C2 CompilerThread2"         daemon [_thread_in_native, id=26524, stack(0x000000a3e0e00000,0x000000a3e0f00000) (1024K)]
Total: 38

Other Threads:
  0x000001d2fa1b2d70 VMThread "VM Thread"                           [id=24184, stack(0x000000a3ddf00000,0x000000a3de000000) (1024K)]
  0x000001d2fa0cca00 WatcherThread "VM Periodic Task Thread"        [id=19520, stack(0x000000a3dde00000,0x000000a3ddf00000) (1024K)]
  0x000001d2f275c400 WorkerThread "GC Thread#0"                     [id=3876, stack(0x000000a3ddd00000,0x000000a3dde00000) (1024K)]
  0x000001d2d4533780 WorkerThread "GC Thread#1"                     [id=37304, stack(0x000000a3dea00000,0x000000a3deb00000) (1024K)]
  0x000001d2d45213a0 WorkerThread "GC Thread#2"                     [id=28836, stack(0x000000a3deb00000,0x000000a3dec00000) (1024K)]
  0x000001d2d454fe30 WorkerThread "GC Thread#3"                     [id=40916, stack(0x000000a3dec00000,0x000000a3ded00000) (1024K)]
  0x000001d2d45501e0 WorkerThread "GC Thread#4"                     [id=13992, stack(0x000000a3ded00000,0x000000a3dee00000) (1024K)]
  0x000001d2d45518a0 WorkerThread "GC Thread#5"                     [id=15088, stack(0x000000a3dee00000,0x000000a3def00000) (1024K)]
  0x000001d2d4551c50 WorkerThread "GC Thread#6"                     [id=12696, stack(0x000000a3def00000,0x000000a3df000000) (1024K)]
  0x000001d2d4a74800 WorkerThread "GC Thread#7"                     [id=38188, stack(0x000000a3df900000,0x000000a3dfa00000) (1024K)]
Total: 10

Threads with active compile tasks:
C2 CompilerThread0  47014 5851   !   4       org.eclipse.osgi.internal.loader.classpath.ClasspathManager::defineClass (636 bytes)
C1 CompilerThread0  47014 6346       2       sun.security.x509.AVAKeyword::getKeyword (247 bytes)
C2 CompilerThread1  47014 5926   !   4       org.eclipse.osgi.internal.loader.classpath.ClasspathManager::findClassImpl (328 bytes)
C2 CompilerThread2  47014 6264       4       sun.security.util.math.intpoly.IntegerPolynomialP256::mult (943 bytes)
Total: 4

VM state: not at safepoint (normal execution)

VM Mutex/Monitor currently owned by a thread: None

Heap address: 0x0000000080000000, size: 2048 MB, Compressed Oops mode: 32-bit

CDS archive(s) mapped at: [0x000001d28f000000-0x000001d28fba0000-0x000001d28fba0000), size 12189696, SharedBaseAddress: 0x000001d28f000000, ArchiveRelocationMode: 1.
Compressed class space mapped at: 0x000001d290000000-0x000001d2d0000000, reserved size: 1073741824
Narrow klass base: 0x000001d28f000000, Narrow klass shift: 0, Narrow klass range: 0x100000000

GC Precious Log:
 CardTable entry size: 512
 CPUs: 8 total, 8 available
 Memory: 6020M
 Large Page Support: Disabled
 NUMA Support: Disabled
 Compressed Oops: Enabled (32-bit)
 Alignments: Space 512K, Generation 512K, Heap 2M
 Heap Min Capacity: 100M
 Heap Initial Capacity: 100M
 Heap Max Capacity: 2G
 Pre-touch: Disabled
 Parallel Workers: 8

Heap:
 PSYoungGen      total 22016K, used 12912K [0x00000000d5580000, 0x00000000d6e80000, 0x0000000100000000)
  eden space 20480K, 57% used [0x00000000d5580000,0x00000000d60f4f58,0x00000000d6980000)
  from space 1536K, 76% used [0x00000000d6980000,0x00000000d6aa7220,0x00000000d6b00000)
  to   space 2560K, 0% used [0x00000000d6c00000,0x00000000d6c00000,0x00000000d6e80000)
 ParOldGen       total 68608K, used 21626K [0x0000000080000000, 0x0000000084300000, 0x00000000d5580000)
  object space 68608K, 31% used [0x0000000080000000,0x000000008151eb80,0x0000000084300000)
 Metaspace       used 44589K, committed 45760K, reserved 1114112K
  class space    used 4813K, committed 5312K, reserved 1048576K

Card table byte_map: [0x000001d2f20e0000,0x000001d2f24f0000] _byte_map_base: 0x000001d2f1ce0000

Marking Bits: (ParMarkBitMap*) 0x00007ffb8c1f3450
 Begin Bits: [0x000001d2f5bf0000, 0x000001d2f7bf0000)
 End Bits:   [0x000001d2f7bf0000, 0x000001d2f9bf0000)

Polling page: 0x000001d2f0950000

Metaspace:

Usage:
  Non-class:     38.84 MB used.
      Class:      4.70 MB used.
       Both:     43.54 MB used.

Virtual space:
  Non-class space:       64.00 MB reserved,      39.50 MB ( 62%) committed,  1 nodes.
      Class space:        1.00 GB reserved,       5.19 MB ( <1%) committed,  1 nodes.
             Both:        1.06 GB reserved,      44.69 MB (  4%) committed. 

Chunk freelists:
   Non-Class:  8.30 MB
       Class:  10.84 MB
        Both:  19.14 MB

MaxMetaspaceSize: unlimited
CompressedClassSpaceSize: 1.00 GB
Initial GC threshold: 21.00 MB
Current GC threshold: 58.38 MB
CDS: on
 - commit_granule_bytes: 65536.
 - commit_granule_words: 8192.
 - virtual_space_node_default_size: 8388608.
 - enlarge_chunks_in_place: 1.
 - use_allocation_guard: 0.


Internal statistics:

num_allocs_failed_limit: 6.
num_arena_births: 780.
num_arena_deaths: 38.
num_vsnodes_births: 2.
num_vsnodes_deaths: 0.
num_space_committed: 715.
num_space_uncommitted: 0.
num_chunks_returned_to_freelist: 53.
num_chunks_taken_from_freelist: 2635.
num_chunk_merges: 13.
num_chunk_splits: 1589.
num_chunks_enlarged: 883.
num_inconsistent_stats: 0.

CodeHeap 'non-profiled nmethods': size=120000Kb used=3020Kb max_used=3071Kb free=116980Kb
 bounds [0x000001d287ad0000, 0x000001d287de0000, 0x000001d28f000000]
CodeHeap 'profiled nmethods': size=120000Kb used=11830Kb max_used=11830Kb free=108169Kb
 bounds [0x000001d280000000, 0x000001d280b90000, 0x000001d287530000]
CodeHeap 'non-nmethods': size=5760Kb used=1383Kb max_used=1438Kb free=4376Kb
 bounds [0x000001d287530000, 0x000001d2877a0000, 0x000001d287ad0000]
CodeCache: size=245760Kb, used=16233Kb, max_used=16339Kb, free=229525Kb
 total_blobs=6328, nmethods=5647, adapters=586, full_count=0
Compilation: enabled, stopped_count=0, restarted_count=0

Compilation events (20 events):
Event: 44.828 Thread 0x000001d2fa1ed5e0 nmethod 6283 0x000001d2800c7990 code [0x000001d2800c7b20, 0x000001d2800c7c08]
Event: 44.833 Thread 0x000001d2fa1ed5e0 6286       2       sun.security.util.math.intpoly.IntegerPolynomial$ImmutableElement::<init> (7 bytes)
Event: 44.833 Thread 0x000001d2fa1ed5e0 nmethod 6286 0x000001d280585d90 code [0x000001d280585f40, 0x000001d280586060]
Event: 44.833 Thread 0x000001d2fa1ed5e0 6287       2       sun.security.util.math.intpoly.IntegerPolynomial$Element::<init> (40 bytes)
Event: 44.834 Thread 0x000001d2fa1ed5e0 nmethod 6287 0x000001d280585890 code [0x000001d280585a40, 0x000001d280585c50]
Event: 44.847 Thread 0x000001d2fa1ed5e0 6289       2       sun.security.util.ArrayUtil::swap (15 bytes)
Event: 44.847 Thread 0x000001d2fa1ed5e0 nmethod 6289 0x000001d280585490 code [0x000001d280585620, 0x000001d280585760]
Event: 44.863 Thread 0x000001d2fa1ed5e0 6291       2       sun.security.util.math.intpoly.IntegerPolynomial::get0 (10 bytes)
Event: 44.864 Thread 0x000001d2fa1ed5e0 nmethod 6291 0x000001d280585090 code [0x000001d280585240, 0x000001d2805853d0]
Event: 44.864 Thread 0x000001d2fa1ed5e0 6292       2       sun.security.util.math.intpoly.IntegerPolynomial::get0 (5 bytes)
Event: 44.864 Thread 0x000001d2fa1ed5e0 nmethod 6292 0x000001d280584c10 code [0x000001d280584dc0, 0x000001d280584f50]
Event: 44.896 Thread 0x000001d2fa1ed5e0 6293       3       sun.security.ec.ECOperations$PointMultiplier$Default::double4 (32 bytes)
Event: 44.896 Thread 0x000001d2fa1ed5e0 nmethod 6293 0x000001d280584690 code [0x000001d280584840, 0x000001d280584aa8]
Event: 44.898 Thread 0x000001d2fa1ed5e0 6294       3       sun.security.ec.ECOperations::setSum (685 bytes)
Event: 45.836 Thread 0x000001d2fa1ed5e0 nmethod 6294 0x000001d280b72690 code [0x000001d280b72fe0, 0x000001d280b793c0]
Event: 45.837 Thread 0x000001d2fa1ed5e0 6295       2       sun.security.ec.ECOperations$PointMultiplier$Secp256R1GeneratorMultiplier::bit (13 bytes)
Event: 45.837 Thread 0x000001d2fa1ed5e0 nmethod 6295 0x000001d280584310 code [0x000001d2805844a0, 0x000001d2805845c0]
Event: 45.839 Thread 0x000001d2fa1ed5e0 6296       2       java.util.regex.Pattern::expr (142 bytes)
Event: 45.840 Thread 0x000001d2fa1ed5e0 nmethod 6296 0x000001d280583890 code [0x000001d280583aa0, 0x000001d280584040]
Event: 45.840 Thread 0x000001d2fa1ed5e0 6297       2       org.objectweb.asm.MethodWriter::visitFieldInsn (258 bytes)

GC Heap History (20 events):
Event: 36.956 GC heap before
{Heap before GC invocations=12 (full 1):
 PSYoungGen      total 23040K, used 22784K [0x00000000d5580000, 0x00000000d7080000, 0x0000000100000000)
  eden space 22528K, 100% used [0x00000000d5580000,0x00000000d6b80000,0x00000000d6b80000)
  from space 512K, 50% used [0x00000000d7000000,0x00000000d7040000,0x00000000d7080000)
  to   space 1536K, 0% used [0x00000000d6d80000,0x00000000d6d80000,0x00000000d6f00000)
 ParOldGen       total 68608K, used 12754K [0x0000000080000000, 0x0000000084300000, 0x00000000d5580000)
  object space 68608K, 18% used [0x0000000080000000,0x0000000080c74860,0x0000000084300000)
 Metaspace       used 26161K, committed 26944K, reserved 1114112K
  class space    used 2575K, committed 2944K, reserved 1048576K
}
Event: 36.958 GC heap after
{Heap after GC invocations=12 (full 1):
 PSYoungGen      total 23552K, used 582K [0x00000000d5580000, 0x00000000d7080000, 0x0000000100000000)
  eden space 22016K, 0% used [0x00000000d5580000,0x00000000d5580000,0x00000000d6b00000)
  from space 1536K, 37% used [0x00000000d6d80000,0x00000000d6e11ae0,0x00000000d6f00000)
  to   space 1024K, 0% used [0x00000000d6f80000,0x00000000d6f80000,0x00000000d7080000)
 ParOldGen       total 68608K, used 12862K [0x0000000080000000, 0x0000000084300000, 0x00000000d5580000)
  object space 68608K, 18% used [0x0000000080000000,0x0000000080c8f948,0x0000000084300000)
 Metaspace       used 26161K, committed 26944K, reserved 1114112K
  class space    used 2575K, committed 2944K, reserved 1048576K
}
Event: 37.415 GC heap before
{Heap before GC invocations=13 (full 1):
 PSYoungGen      total 23552K, used 22598K [0x00000000d5580000, 0x00000000d7080000, 0x0000000100000000)
  eden space 22016K, 100% used [0x00000000d5580000,0x00000000d6b00000,0x00000000d6b00000)
  from space 1536K, 37% used [0x00000000d6d80000,0x00000000d6e11ae0,0x00000000d6f00000)
  to   space 1024K, 0% used [0x00000000d6f80000,0x00000000d6f80000,0x00000000d7080000)
 ParOldGen       total 68608K, used 12862K [0x0000000080000000, 0x0000000084300000, 0x00000000d5580000)
  object space 68608K, 18% used [0x0000000080000000,0x0000000080c8f948,0x0000000084300000)
 Metaspace       used 27819K, committed 28672K, reserved 1114112K
  class space    used 2743K, committed 3136K, reserved 1048576K
}
Event: 37.421 GC heap after
{Heap after GC invocations=13 (full 1):
 PSYoungGen      total 22528K, used 494K [0x00000000d5580000, 0x00000000d7000000, 0x0000000100000000)
  eden space 22016K, 0% used [0x00000000d5580000,0x00000000d5580000,0x00000000d6b00000)
  from space 512K, 96% used [0x00000000d6f80000,0x00000000d6ffb890,0x00000000d7000000)
  to   space 1024K, 0% used [0x00000000d6e00000,0x00000000d6e00000,0x00000000d6f00000)
 ParOldGen       total 68608K, used 14805K [0x0000000080000000, 0x0000000084300000, 0x00000000d5580000)
  object space 68608K, 21% used [0x0000000080000000,0x0000000080e755d0,0x0000000084300000)
 Metaspace       used 27819K, committed 28672K, reserved 1114112K
  class space    used 2743K, committed 3136K, reserved 1048576K
}
Event: 38.629 GC heap before
{Heap before GC invocations=14 (full 1):
 PSYoungGen      total 22528K, used 22495K [0x00000000d5580000, 0x00000000d7000000, 0x0000000100000000)
  eden space 22016K, 99% used [0x00000000d5580000,0x00000000d6afc3d0,0x00000000d6b00000)
  from space 512K, 96% used [0x00000000d6f80000,0x00000000d6ffb890,0x00000000d7000000)
  to   space 1024K, 0% used [0x00000000d6e00000,0x00000000d6e00000,0x00000000d6f00000)
 ParOldGen       total 68608K, used 14805K [0x0000000080000000, 0x0000000084300000, 0x00000000d5580000)
  object space 68608K, 21% used [0x0000000080000000,0x0000000080e755d0,0x0000000084300000)
 Metaspace       used 29404K, committed 30336K, reserved 1114112K
  class space    used 2962K, committed 3328K, reserved 1048576K
}
Event: 38.634 GC heap after
{Heap after GC invocations=14 (full 1):
 PSYoungGen      total 23040K, used 1004K [0x00000000d5580000, 0x00000000d7000000, 0x0000000100000000)
  eden space 22016K, 0% used [0x00000000d5580000,0x00000000d5580000,0x00000000d6b00000)
  from space 1024K, 98% used [0x00000000d6e00000,0x00000000d6efb0a0,0x00000000d6f00000)
  to   space 1024K, 0% used [0x00000000d6f00000,0x00000000d6f00000,0x00000000d7000000)
 ParOldGen       total 68608K, used 15171K [0x0000000080000000, 0x0000000084300000, 0x00000000d5580000)
  object space 68608K, 22% used [0x0000000080000000,0x0000000080ed0df0,0x0000000084300000)
 Metaspace       used 29404K, committed 30336K, reserved 1114112K
  class space    used 2962K, committed 3328K, reserved 1048576K
}
Event: 39.714 GC heap before
{Heap before GC invocations=15 (full 1):
 PSYoungGen      total 23040K, used 23020K [0x00000000d5580000, 0x00000000d7000000, 0x0000000100000000)
  eden space 22016K, 100% used [0x00000000d5580000,0x00000000d6b00000,0x00000000d6b00000)
  from space 1024K, 98% used [0x00000000d6e00000,0x00000000d6efb0a0,0x00000000d6f00000)
  to   space 1024K, 0% used [0x00000000d6f00000,0x00000000d6f00000,0x00000000d7000000)
 ParOldGen       total 68608K, used 15171K [0x0000000080000000, 0x0000000084300000, 0x00000000d5580000)
  object space 68608K, 22% used [0x0000000080000000,0x0000000080ed0df0,0x0000000084300000)
 Metaspace       used 32181K, committed 33088K, reserved 1114112K
  class space    used 3254K, committed 3584K, reserved 1048576K
}
Event: 39.723 GC heap after
{Heap after GC invocations=15 (full 1):
 PSYoungGen      total 23040K, used 1021K [0x00000000d5580000, 0x00000000d7000000, 0x0000000100000000)
  eden space 22016K, 0% used [0x00000000d5580000,0x00000000d5580000,0x00000000d6b00000)
  from space 1024K, 99% used [0x00000000d6f00000,0x00000000d6fff638,0x00000000d7000000)
  to   space 2560K, 0% used [0x00000000d6b00000,0x00000000d6b00000,0x00000000d6d80000)
 ParOldGen       total 68608K, used 16239K [0x0000000080000000, 0x0000000084300000, 0x00000000d5580000)
  object space 68608K, 23% used [0x0000000080000000,0x0000000080fdbdd8,0x0000000084300000)
 Metaspace       used 32181K, committed 33088K, reserved 1114112K
  class space    used 3254K, committed 3584K, reserved 1048576K
}
Event: 41.245 GC heap before
{Heap before GC invocations=16 (full 1):
 PSYoungGen      total 23040K, used 23037K [0x00000000d5580000, 0x00000000d7000000, 0x0000000100000000)
  eden space 22016K, 100% used [0x00000000d5580000,0x00000000d6b00000,0x00000000d6b00000)
  from space 1024K, 99% used [0x00000000d6f00000,0x00000000d6fff638,0x00000000d7000000)
  to   space 2560K, 0% used [0x00000000d6b00000,0x00000000d6b00000,0x00000000d6d80000)
 ParOldGen       total 68608K, used 16239K [0x0000000080000000, 0x0000000084300000, 0x00000000d5580000)
  object space 68608K, 23% used [0x0000000080000000,0x0000000080fdbdd8,0x0000000084300000)
 Metaspace       used 34486K, committed 35520K, reserved 1114112K
  class space    used 3526K, committed 3968K, reserved 1048576K
}
Event: 41.250 GC heap after
{Heap after GC invocations=16 (full 1):
 PSYoungGen      total 24576K, used 1060K [0x00000000d5580000, 0x00000000d6f80000, 0x0000000100000000)
  eden space 22016K, 0% used [0x00000000d5580000,0x00000000d5580000,0x00000000d6b00000)
  from space 2560K, 41% used [0x00000000d6b00000,0x00000000d6c09080,0x00000000d6d80000)
  to   space 1536K, 0% used [0x00000000d6e00000,0x00000000d6e00000,0x00000000d6f80000)
 ParOldGen       total 68608K, used 17186K [0x0000000080000000, 0x0000000084300000, 0x00000000d5580000)
  object space 68608K, 25% used [0x0000000080000000,0x00000000810c8900,0x0000000084300000)
 Metaspace       used 34486K, committed 35520K, reserved 1114112K
  class space    used 3526K, committed 3968K, reserved 1048576K
}
Event: 41.417 GC heap before
{Heap before GC invocations=17 (full 1):
 PSYoungGen      total 24576K, used 4991K [0x00000000d5580000, 0x00000000d6f80000, 0x0000000100000000)
  eden space 22016K, 17% used [0x00000000d5580000,0x00000000d5956f30,0x00000000d6b00000)
  from space 2560K, 41% used [0x00000000d6b00000,0x00000000d6c09080,0x00000000d6d80000)
  to   space 1536K, 0% used [0x00000000d6e00000,0x00000000d6e00000,0x00000000d6f80000)
 ParOldGen       total 68608K, used 17186K [0x0000000080000000, 0x0000000084300000, 0x00000000d5580000)
  object space 68608K, 25% used [0x0000000080000000,0x00000000810c8900,0x0000000084300000)
 Metaspace       used 34881K, committed 35840K, reserved 1114112K
  class space    used 3580K, committed 4032K, reserved 1048576K
}
Event: 41.421 GC heap after
{Heap after GC invocations=17 (full 1):
 PSYoungGen      total 22528K, used 431K [0x00000000d5580000, 0x00000000d6e80000, 0x0000000100000000)
  eden space 22016K, 0% used [0x00000000d5580000,0x00000000d5580000,0x00000000d6b00000)
  from space 512K, 84% used [0x00000000d6e00000,0x00000000d6e6bcd8,0x00000000d6e80000)
  to   space 1024K, 0% used [0x00000000d6c80000,0x00000000d6c80000,0x00000000d6d80000)
 ParOldGen       total 68608K, used 18120K [0x0000000080000000, 0x0000000084300000, 0x00000000d5580000)
  object space 68608K, 26% used [0x0000000080000000,0x00000000811b2338,0x0000000084300000)
 Metaspace       used 34881K, committed 35840K, reserved 1114112K
  class space    used 3580K, committed 4032K, reserved 1048576K
}
Event: 41.421 GC heap before
{Heap before GC invocations=18 (full 2):
 PSYoungGen      total 22528K, used 431K [0x00000000d5580000, 0x00000000d6e80000, 0x0000000100000000)
  eden space 22016K, 0% used [0x00000000d5580000,0x00000000d5580000,0x00000000d6b00000)
  from space 512K, 84% used [0x00000000d6e00000,0x00000000d6e6bcd8,0x00000000d6e80000)
  to   space 1024K, 0% used [0x00000000d6c80000,0x00000000d6c80000,0x00000000d6d80000)
 ParOldGen       total 68608K, used 18120K [0x0000000080000000, 0x0000000084300000, 0x00000000d5580000)
  object space 68608K, 26% used [0x0000000080000000,0x00000000811b2338,0x0000000084300000)
 Metaspace       used 34881K, committed 35840K, reserved 1114112K
  class space    used 3580K, committed 4032K, reserved 1048576K
}
Event: 41.519 GC heap after
{Heap after GC invocations=18 (full 2):
 PSYoungGen      total 22528K, used 0K [0x00000000d5580000, 0x00000000d6e80000, 0x0000000100000000)
  eden space 22016K, 0% used [0x00000000d5580000,0x00000000d5580000,0x00000000d6b00000)
  from space 512K, 0% used [0x00000000d6e00000,0x00000000d6e00000,0x00000000d6e80000)
  to   space 1024K, 0% used [0x00000000d6c80000,0x00000000d6c80000,0x00000000d6d80000)
 ParOldGen       total 68608K, used 17905K [0x0000000080000000, 0x0000000084300000, 0x00000000d5580000)
  object space 68608K, 26% used [0x0000000080000000,0x000000008117c788,0x0000000084300000)
 Metaspace       used 34859K, committed 35840K, reserved 1114112K
  class space    used 3574K, committed 4032K, reserved 1048576K
}
Event: 42.561 GC heap before
{Heap before GC invocations=19 (full 2):
 PSYoungGen      total 22528K, used 22006K [0x00000000d5580000, 0x00000000d6e80000, 0x0000000100000000)
  eden space 22016K, 99% used [0x00000000d5580000,0x00000000d6afdb90,0x00000000d6b00000)
  from space 512K, 0% used [0x00000000d6e00000,0x00000000d6e00000,0x00000000d6e80000)
  to   space 1024K, 0% used [0x00000000d6c80000,0x00000000d6c80000,0x00000000d6d80000)
 ParOldGen       total 68608K, used 17905K [0x0000000080000000, 0x0000000084300000, 0x00000000d5580000)
  object space 68608K, 26% used [0x0000000080000000,0x000000008117c788,0x0000000084300000)
 Metaspace       used 37435K, committed 38464K, reserved 1114112K
  class space    used 3901K, committed 4352K, reserved 1048576K
}
Event: 42.566 GC heap after
{Heap after GC invocations=19 (full 2):
 PSYoungGen      total 23040K, used 1019K [0x00000000d5580000, 0x00000000d6f00000, 0x0000000100000000)
  eden space 22016K, 0% used [0x00000000d5580000,0x00000000d5580000,0x00000000d6b00000)
  from space 1024K, 99% used [0x00000000d6c80000,0x00000000d6d7eff8,0x00000000d6d80000)
  to   space 1536K, 0% used [0x00000000d6d80000,0x00000000d6d80000,0x00000000d6f00000)
 ParOldGen       total 68608K, used 18369K [0x0000000080000000, 0x0000000084300000, 0x00000000d5580000)
  object space 68608K, 26% used [0x0000000080000000,0x00000000811f0788,0x0000000084300000)
 Metaspace       used 37435K, committed 38464K, reserved 1114112K
  class space    used 3901K, committed 4352K, reserved 1048576K
}
Event: 43.290 GC heap before
{Heap before GC invocations=20 (full 2):
 PSYoungGen      total 23040K, used 23035K [0x00000000d5580000, 0x00000000d6f00000, 0x0000000100000000)
  eden space 22016K, 100% used [0x00000000d5580000,0x00000000d6b00000,0x00000000d6b00000)
  from space 1024K, 99% used [0x00000000d6c80000,0x00000000d6d7eff8,0x00000000d6d80000)
  to   space 1536K, 0% used [0x00000000d6d80000,0x00000000d6d80000,0x00000000d6f00000)
 ParOldGen       total 68608K, used 18369K [0x0000000080000000, 0x0000000084300000, 0x00000000d5580000)
  object space 68608K, 26% used [0x0000000080000000,0x00000000811f0788,0x0000000084300000)
 Metaspace       used 39618K, committed 40640K, reserved 1114112K
  class space    used 4164K, committed 4608K, reserved 1048576K
}
Event: 43.295 GC heap after
{Heap after GC invocations=20 (full 2):
 PSYoungGen      total 22016K, used 1518K [0x00000000d5580000, 0x00000000d7300000, 0x0000000100000000)
  eden space 20480K, 0% used [0x00000000d5580000,0x00000000d5580000,0x00000000d6980000)
  from space 1536K, 98% used [0x00000000d6d80000,0x00000000d6efb998,0x00000000d6f00000)
  to   space 4096K, 0% used [0x00000000d6980000,0x00000000d6980000,0x00000000d6d80000)
 ParOldGen       total 68608K, used 20504K [0x0000000080000000, 0x0000000084300000, 0x00000000d5580000)
  object space 68608K, 29% used [0x0000000080000000,0x00000000814062f0,0x0000000084300000)
 Metaspace       used 39618K, committed 40640K, reserved 1114112K
  class space    used 4164K, committed 4608K, reserved 1048576K
}
Event: 44.318 GC heap before
{Heap before GC invocations=21 (full 2):
 PSYoungGen      total 22016K, used 21998K [0x00000000d5580000, 0x00000000d7300000, 0x0000000100000000)
  eden space 20480K, 100% used [0x00000000d5580000,0x00000000d6980000,0x00000000d6980000)
  from space 1536K, 98% used [0x00000000d6d80000,0x00000000d6efb998,0x00000000d6f00000)
  to   space 4096K, 0% used [0x00000000d6980000,0x00000000d6980000,0x00000000d6d80000)
 ParOldGen       total 68608K, used 20504K [0x0000000080000000, 0x0000000084300000, 0x00000000d5580000)
  object space 68608K, 29% used [0x0000000080000000,0x00000000814062f0,0x0000000084300000)
 Metaspace       used 42819K, committed 43904K, reserved 1114112K
  class space    used 4568K, committed 5056K, reserved 1048576K
}
Event: 44.325 GC heap after
{Heap after GC invocations=21 (full 2):
 PSYoungGen      total 22016K, used 1180K [0x00000000d5580000, 0x00000000d6e80000, 0x0000000100000000)
  eden space 20480K, 0% used [0x00000000d5580000,0x00000000d5580000,0x00000000d6980000)
  from space 1536K, 76% used [0x00000000d6980000,0x00000000d6aa7220,0x00000000d6b00000)
  to   space 2560K, 0% used [0x00000000d6c00000,0x00000000d6c00000,0x00000000d6e80000)
 ParOldGen       total 68608K, used 21626K [0x0000000080000000, 0x0000000084300000, 0x00000000d5580000)
  object space 68608K, 31% used [0x0000000080000000,0x000000008151eb80,0x0000000084300000)
 Metaspace       used 42819K, committed 43904K, reserved 1114112K
  class space    used 4568K, committed 5056K, reserved 1048576K
}

Dll operation events (14 events):
Event: 0.143 Loaded shared library c:\Users\laura\.vscode\extensions\redhat.java-1.54.0-win32-x64\jre\21.0.10-win32-x86_64\bin\java.dll
Event: 0.674 Loaded shared library c:\Users\laura\.vscode\extensions\redhat.java-1.54.0-win32-x64\jre\21.0.10-win32-x86_64\bin\zip.dll
Event: 0.769 Loaded shared library C:\Users\laura\.vscode\extensions\redhat.java-1.54.0-win32-x64\jre\21.0.10-win32-x86_64\bin\instrument.dll
Event: 0.798 Loaded shared library C:\Users\laura\.vscode\extensions\redhat.java-1.54.0-win32-x64\jre\21.0.10-win32-x86_64\bin\net.dll
Event: 0.810 Loaded shared library C:\Users\laura\.vscode\extensions\redhat.java-1.54.0-win32-x64\jre\21.0.10-win32-x86_64\bin\nio.dll
Event: 0.824 Loaded shared library C:\Users\laura\.vscode\extensions\redhat.java-1.54.0-win32-x64\jre\21.0.10-win32-x86_64\bin\zip.dll
Event: 0.892 Loaded shared library C:\Users\laura\.vscode\extensions\redhat.java-1.54.0-win32-x64\jre\21.0.10-win32-x86_64\bin\jimage.dll
Event: 1.510 Loaded shared library c:\Users\laura\.vscode\extensions\redhat.java-1.54.0-win32-x64\jre\21.0.10-win32-x86_64\bin\verify.dll
Event: 19.548 Loaded shared library C:\Users\laura\AppData\Roaming\Code\User\globalStorage\redhat.java\1.54.0\config_win\org.eclipse.equinox.launcher\org.eclipse.equinox.launcher.win32.win32.x86_64_1.3.0.v20260203-2149\eclipse_11919.dll
Event: 31.673 Loaded shared library C:\Users\laura\.vscode\extensions\redhat.java-1.54.0-win32-x64\jre\21.0.10-win32-x86_64\bin\management.dll
Event: 31.695 Loaded shared library C:\Users\laura\.vscode\extensions\redhat.java-1.54.0-win32-x64\jre\21.0.10-win32-x86_64\bin\management_ext.dll
Event: 40.919 Loaded shared library C:\Users\laura\AppData\Local\Temp\jna-102746063\jna8753990548644694767.dll
Event: 42.296 Loaded shared library C:\Users\laura\.vscode\extensions\redhat.java-1.54.0-win32-x64\jre\21.0.10-win32-x86_64\bin\sunmscapi.dll
Event: 43.884 Loaded shared library C:\Users\laura\.vscode\extensions\redhat.java-1.54.0-win32-x64\jre\21.0.10-win32-x86_64\bin\extnet.dll

Deoptimization events (20 events):
Event: 44.647 Thread 0x000001d2f273f200 Uncommon trap: trap_request=0xffffff45 fr.pc=0x000001d287d16560 relative=0x00000000000003e0
Event: 44.649 Thread 0x000001d2f273f200 Uncommon trap: reason=unstable_if action=reinterpret pc=0x000001d287d16560 method=java.util.regex.Pattern$BmpCharPropertyGreedy.match(Ljava/util/regex/Matcher;ILjava/lang/CharSequence;)Z @ 12 c2
Event: 44.649 Thread 0x000001d2f273f200 DEOPT PACKING pc=0x000001d287d16560 sp=0x000000a3ddcfd310
Event: 44.649 Thread 0x000001d2f273f200 DEOPT UNPACKING pc=0x000001d287583aa2 sp=0x000000a3ddcfd2a8 mode 2
Event: 44.700 Thread 0x000001d2d475f460 Uncommon trap: trap_request=0xffffffc6 fr.pc=0x000001d287af7380 relative=0x0000000000000520
Event: 44.700 Thread 0x000001d2d475f460 Uncommon trap: reason=bimorphic_or_optimized_type_check action=maybe_recompile pc=0x000001d287af7380 method=java.util.ImmutableCollections$MapN.probe(Ljava/lang/Object;)I @ 1 c2
Event: 44.700 Thread 0x000001d2d475f460 DEOPT PACKING pc=0x000001d287af7380 sp=0x000000a3df3fd990
Event: 44.700 Thread 0x000001d2d475f460 DEOPT UNPACKING pc=0x000001d287583aa2 sp=0x000000a3df3fd930 mode 2
Event: 44.701 Thread 0x000001d2d475f460 Uncommon trap: trap_request=0xffffffc6 fr.pc=0x000001d287af7380 relative=0x0000000000000520
Event: 44.701 Thread 0x000001d2d475f460 Uncommon trap: reason=bimorphic_or_optimized_type_check action=maybe_recompile pc=0x000001d287af7380 method=java.util.ImmutableCollections$MapN.probe(Ljava/lang/Object;)I @ 1 c2
Event: 44.701 Thread 0x000001d2d475f460 DEOPT PACKING pc=0x000001d287af7380 sp=0x000000a3df3fd990
Event: 44.701 Thread 0x000001d2d475f460 DEOPT UNPACKING pc=0x000001d287583aa2 sp=0x000000a3df3fd930 mode 2
Event: 44.701 Thread 0x000001d2d475f460 Uncommon trap: trap_request=0xffffffc6 fr.pc=0x000001d287af7380 relative=0x0000000000000520
Event: 44.701 Thread 0x000001d2d475f460 Uncommon trap: reason=bimorphic_or_optimized_type_check action=maybe_recompile pc=0x000001d287af7380 method=java.util.ImmutableCollections$MapN.probe(Ljava/lang/Object;)I @ 1 c2
Event: 44.701 Thread 0x000001d2d475f460 DEOPT PACKING pc=0x000001d287af7380 sp=0x000000a3df3fd990
Event: 44.701 Thread 0x000001d2d475f460 DEOPT UNPACKING pc=0x000001d287583aa2 sp=0x000000a3df3fd930 mode 2
Event: 44.704 Thread 0x000001d2d475f460 Uncommon trap: trap_request=0xffffffc6 fr.pc=0x000001d287af7380 relative=0x0000000000000520
Event: 44.704 Thread 0x000001d2d475f460 Uncommon trap: reason=bimorphic_or_optimized_type_check action=maybe_recompile pc=0x000001d287af7380 method=java.util.ImmutableCollections$MapN.probe(Ljava/lang/Object;)I @ 1 c2
Event: 44.704 Thread 0x000001d2d475f460 DEOPT PACKING pc=0x000001d287af7380 sp=0x000000a3df3fd990
Event: 44.704 Thread 0x000001d2d475f460 DEOPT UNPACKING pc=0x000001d287583aa2 sp=0x000000a3df3fd930 mode 2

Classes loaded (20 events):
Event: 44.684 Loading class sun/security/ssl/KeyShareExtension$KeyShareEntry done
Event: 44.685 Loading class sun/security/ssl/ECDHKeyExchange$ECDHEPossession
Event: 44.685 Loading class sun/security/ssl/ECDHKeyExchange$ECDHEPossession done
Event: 44.696 Loading class sun/security/util/math/intpoly/IntegerPolynomialP384
Event: 44.696 Loading class sun/security/util/math/intpoly/IntegerPolynomialP384 done
Event: 44.699 Loading class sun/security/util/math/intpoly/IntegerPolynomialP521
Event: 44.699 Loading class java/math/BigDecimal done
Event: 44.699 Loading class sun/security/util/math/intpoly/IntegerPolynomialP521 done
Event: 44.701 Loading class sun/security/util/math/intpoly/P384OrderField
Event: 44.702 Loading class sun/security/util/math/intpoly/P384OrderField done
Event: 44.702 Loading class sun/security/util/math/intpoly/P521OrderField
Event: 44.704 Loading class sun/security/util/math/intpoly/P521OrderField done
Event: 44.710 Loading class java/security/interfaces/ECPrivateKey
Event: 44.710 Loading class java/security/interfaces/ECPrivateKey done
Event: 44.715 Loading class sun/security/util/ArrayUtil
Event: 44.717 Loading class sun/security/util/ArrayUtil done
Event: 44.735 Loading class sun/security/util/math/IntegerModuloP$MultiplicativeInverser$Secp256R1
Event: 44.735 Loading class sun/security/util/math/IntegerModuloP$MultiplicativeInverser$Secp256R1 done
Event: 45.839 Loading class sun/security/ssl/KeyShareExtension$CHKeyShareSpec
Event: 45.840 Loading class sun/security/ssl/KeyShareExtension$CHKeyShareSpec done

Classes unloaded (19 events):
Event: 35.807 Thread 0x000001d2fa1b2d70 Unloading class 0x000001d2901b3000 'java/lang/invoke/LambdaForm$MH+0x000001d2901b3000'
Event: 35.807 Thread 0x000001d2fa1b2d70 Unloading class 0x000001d2901b2c00 'java/lang/invoke/LambdaForm$MH+0x000001d2901b2c00'
Event: 35.807 Thread 0x000001d2fa1b2d70 Unloading class 0x000001d2901b2800 'java/lang/invoke/LambdaForm$MH+0x000001d2901b2800'
Event: 35.807 Thread 0x000001d2fa1b2d70 Unloading class 0x000001d2901b2400 'java/lang/invoke/LambdaForm$MH+0x000001d2901b2400'
Event: 35.807 Thread 0x000001d2fa1b2d70 Unloading class 0x000001d2901b2000 'java/lang/invoke/LambdaForm$BMH+0x000001d2901b2000'
Event: 35.807 Thread 0x000001d2fa1b2d70 Unloading class 0x000001d2901b1c00 'java/lang/invoke/LambdaForm$DMH+0x000001d2901b1c00'
Event: 35.807 Thread 0x000001d2fa1b2d70 Unloading class 0x000001d2901b0800 'java/lang/invoke/LambdaForm$DMH+0x000001d2901b0800'
Event: 41.433 Thread 0x000001d2fa1b2d70 Unloading class 0x000001d2902cc800 'java/lang/invoke/LambdaForm$MH+0x000001d2902cc800'
Event: 41.433 Thread 0x000001d2fa1b2d70 Unloading class 0x000001d2902cc000 'java/lang/invoke/LambdaForm$MH+0x000001d2902cc000'
Event: 41.433 Thread 0x000001d2fa1b2d70 Unloading class 0x000001d2902cbc00 'java/lang/invoke/LambdaForm$DMH+0x000001d2902cbc00'
Event: 41.433 Thread 0x000001d2fa1b2d70 Unloading class 0x000001d2902c3c00 'java/lang/invoke/LambdaForm$MH+0x000001d2902c3c00'
Event: 41.433 Thread 0x000001d2fa1b2d70 Unloading class 0x000001d2902c3400 'java/lang/invoke/LambdaForm$MH+0x000001d2902c3400'
Event: 41.433 Thread 0x000001d2fa1b2d70 Unloading class 0x000001d2902c3000 'java/lang/invoke/LambdaForm$MH+0x000001d2902c3000'
Event: 41.433 Thread 0x000001d2fa1b2d70 Unloading class 0x000001d2902c2400 'java/lang/invoke/LambdaForm$MH+0x000001d2902c2400'
Event: 41.433 Thread 0x000001d2fa1b2d70 Unloading class 0x000001d2902c1c00 'java/lang/invoke/LambdaForm$MH+0x000001d2902c1c00'
Event: 41.433 Thread 0x000001d2fa1b2d70 Unloading class 0x000001d2902c1400 'java/lang/invoke/LambdaForm$MH+0x000001d2902c1400'
Event: 41.433 Thread 0x000001d2fa1b2d70 Unloading class 0x000001d2902c0c00 'java/lang/invoke/LambdaForm$MH+0x000001d2902c0c00'
Event: 41.433 Thread 0x000001d2fa1b2d70 Unloading class 0x000001d2902c0800 'java/lang/invoke/LambdaForm$MH+0x000001d2902c0800'
Event: 41.433 Thread 0x000001d2fa1b2d70 Unloading class 0x000001d2902c0000 'java/lang/invoke/LambdaForm$DMH+0x000001d2902c0000'

Classes redefined (0 events):
No events

Internal exceptions (20 events):
Event: 40.277 Thread 0x000001d2d48c6ab0 Implicit null exception at 0x000001d287ba44e5 to 0x000001d287ba4880
Event: 41.161 Thread 0x000001d2d4aa3830 Exception <a 'java/lang/UnsatisfiedLinkError'{0x00000000d68eb228}: No se encontrĂł el proceso especificado.
> (0x00000000d68eb228) 
thrown [s\src\hotspot\share\prims\jni.cpp, line 539]
Event: 41.190 Thread 0x000001d2d4aa3830 Exception <a 'java/io/FileNotFoundException'{0x00000000d699ed20}> (0x00000000d699ed20) 
thrown [s\src\hotspot\share\prims\jni.cpp, line 520]
Event: 41.219 Thread 0x000001d2d4aa3830 Exception <a 'java/io/FileNotFoundException'{0x00000000d6a56900}> (0x00000000d6a56900) 
thrown [s\src\hotspot\share\prims\jni.cpp, line 520]
Event: 41.280 Thread 0x000001d2d4aa3830 Exception <a 'java/lang/NoSuchMethodError'{0x00000000d562dcd8}: 'void java.lang.invoke.DirectMethodHandle$Holder.invokeSpecial(java.lang.Object, java.lang.Object, java.lang.Object, int)'> (0x00000000d562dcd8) 
thrown [s\src\hotspot\share\interpreter\linkResolver.cpp, line 773]
Event: 41.284 Thread 0x000001d2d4aa3830 Exception <a 'java/lang/NoSuchMethodError'{0x00000000d56313b8}: 'void java.lang.invoke.DelegatingMethodHandle$Holder.reinvoke_L(java.lang.Object, java.lang.Object, int)'> (0x00000000d56313b8) 
thrown [s\src\hotspot\share\interpreter\linkResolver.cpp, line 773]
Event: 41.289 Thread 0x000001d2d4aa3830 Exception <a 'java/lang/NoSuchMethodError'{0x00000000d5637df0}: 'int java.lang.invoke.Invokers$Holder.invokeExact_MT(java.lang.Object, java.lang.Object, java.lang.Object)'> (0x00000000d5637df0) 
thrown [s\src\hotspot\share\interpreter\linkResolver.cpp, line 773]
Event: 41.302 Thread 0x000001d2d4aa3830 Exception <a 'java/lang/UnsatisfiedLinkError'{0x00000000d5646640}: No se encontrĂł el proceso especificado.
> (0x00000000d5646640) 
thrown [s\src\hotspot\share\prims\jni.cpp, line 539]
Event: 41.358 Thread 0x000001d2d4aa3830 Exception <a 'java/lang/NoSuchMethodError'{0x00000000d5653428}: 'void java.lang.invoke.Invokers$Holder.invokeExact_MT(java.lang.Object, java.lang.Object, int, java.lang.Object)'> (0x00000000d5653428) 
thrown [s\src\hotspot\share\interpreter\linkResolver.cpp, line 773]
Event: 42.062 Thread 0x000001d2f273f200 Exception <a 'java/io/FileNotFoundException'{0x00000000d60ae428}> (0x00000000d60ae428) 
thrown [s\src\hotspot\share\prims\jni.cpp, line 520]
Event: 42.582 Thread 0x000001d2d475f460 Exception <a 'sun/nio/fs/WindowsException'{0x00000000d55c7c00}> (0x00000000d55c7c00) 
thrown [s\src\hotspot\share\prims\jni.cpp, line 520]
Event: 42.625 Thread 0x000001d2f273f200 Exception <a 'java/lang/NoSuchMethodError'{0x00000000d568b9d8}: 'java.lang.Object java.lang.invoke.DirectMethodHandle$Holder.invokeStatic(java.lang.Object, long, java.lang.Object)'> (0x00000000d568b9d8) 
thrown [s\src\hotspot\share\interpreter\linkResolver.cpp, line 773]
Event: 42.628 Thread 0x000001d2f273f200 Exception <a 'java/lang/NoSuchMethodError'{0x00000000d56962d0}: 'java.lang.Object java.lang.invoke.DirectMethodHandle$Holder.invokeStaticInit(java.lang.Object, long, java.lang.Object)'> (0x00000000d56962d0) 
thrown [s\src\hotspot\share\interpreter\linkResolver.cpp, line 773]
Event: 42.645 Thread 0x000001d2f273f200 Exception <a 'java/lang/NoSuchMethodError'{0x00000000d56c9050}: 'java.lang.Object java.lang.invoke.DirectMethodHandle$Holder.newInvokeSpecial(java.lang.Object, long)'> (0x00000000d56c9050) 
thrown [s\src\hotspot\share\interpreter\linkResolver.cpp, line 773]
Event: 43.365 Thread 0x000001d2d475e0b0 Exception <a 'java/lang/NoSuchMethodError'{0x00000000d5830140}: 'void java.lang.invoke.DirectMethodHandle$Holder.invokeStaticInit(java.lang.Object, java.lang.Object, java.lang.Object)'> (0x00000000d5830140) 
thrown [s\src\hotspot\share\interpreter\linkResolver.cpp, line 773]
Event: 43.384 Thread 0x000001d2d475e0b0 Exception <a 'java/lang/ExceptionInInitializerError'{0x00000000d58f8530}> (0x00000000d58f8530) 
thrown [s\src\hotspot\share\oops\instanceKlass.cpp, line 1220]
Event: 43.423 Thread 0x000001d2d475e0b0 Exception <a 'java/lang/NoSuchMethodError'{0x00000000d5a93838}: 'long java.lang.invoke.DirectMethodHandle$Holder.invokeStatic(java.lang.Object, java.lang.Object, int)'> (0x00000000d5a93838) 
thrown [s\src\hotspot\share\interpreter\linkResolver.cpp, line 773]
Event: 43.440 Thread 0x000001d2d475e0b0 Implicit null exception at 0x000001d287c629fe to 0x000001d287c62c70
Event: 43.441 Thread 0x000001d2d475e0b0 Implicit null exception at 0x000001d287b7163c to 0x000001d287b725f0
Event: 43.446 Thread 0x000001d2d475e0b0 Exception <a 'java/lang/NoSuchMethodError'{0x00000000d5bec548}: 'java.lang.Object java.lang.invoke.Invokers$Holder.invokeExact_MT(java.lang.Object, int, java.lang.Object)'> (0x00000000d5bec548) 
thrown [s\src\hotspot\share\interpreter\linkResolver.cpp, line 773]

ZGC Phase Switch (0 events):
No events

VM Operations (20 events):
Event: 43.028 Executing non-safepoint VM operation: HandshakeAllThreads (Deoptimize)
Event: 43.029 Executing non-safepoint VM operation: HandshakeAllThreads (Deoptimize) done
Event: 43.286 Executing safepoint VM operation: ParallelGCFailedAllocation (Allocation Failure)
Event: 43.295 Executing safepoint VM operation: ParallelGCFailedAllocation (Allocation Failure) done
Event: 43.366 Executing non-safepoint VM operation: HandshakeAllThreads (Deoptimize)
Event: 43.370 Executing non-safepoint VM operation: HandshakeAllThreads (Deoptimize) done
Event: 43.526 Executing non-safepoint VM operation: HandshakeAllThreads (Deoptimize)
Event: 43.530 Executing non-safepoint VM operation: HandshakeAllThreads (Deoptimize) done
Event: 43.640 Executing non-safepoint VM operation: HandshakeAllThreads (Deoptimize)
Event: 43.640 Executing non-safepoint VM operation: HandshakeAllThreads (Deoptimize) done
Event: 43.681 Executing non-safepoint VM operation: HandshakeAllThreads (Deoptimize)
Event: 43.681 Executing non-safepoint VM operation: HandshakeAllThreads (Deoptimize) done
Event: 44.194 Executing non-safepoint VM operation: HandshakeAllThreads (Deoptimize)
Event: 44.234 Executing non-safepoint VM operation: HandshakeAllThreads (Deoptimize) done
Event: 44.318 Executing safepoint VM operation: ParallelGCFailedAllocation (Allocation Failure)
Event: 44.325 Executing safepoint VM operation: ParallelGCFailedAllocation (Allocation Failure) done
Event: 44.820 Executing non-safepoint VM operation: HandshakeAllThreads (Deoptimize)
Event: 44.820 Executing non-safepoint VM operation: HandshakeAllThreads (Deoptimize) done
Event: 45.835 Executing safepoint VM operation: Cleanup
Event: 45.837 Executing safepoint VM operation: Cleanup done

Memory protections (0 events):
No events

Nmethod flushes (20 events):
Event: 41.476 Thread 0x000001d2fa1b2d70 flushing  nmethod 0x000001d280758190
Event: 41.476 Thread 0x000001d2fa1b2d70 flushing  nmethod 0x000001d2807d6810
Event: 41.476 Thread 0x000001d2fa1b2d70 flushing  nmethod 0x000001d2807f2790
Event: 41.476 Thread 0x000001d2fa1b2d70 flushing  nmethod 0x000001d2807f2b90
Event: 41.476 Thread 0x000001d2fa1b2d70 flushing  nmethod 0x000001d2807f3490
Event: 41.476 Thread 0x000001d2fa1b2d70 flushing  nmethod 0x000001d2807f4690
Event: 41.476 Thread 0x000001d2fa1b2d70 flushing  nmethod 0x000001d2807f4e90
Event: 41.476 Thread 0x000001d2fa1b2d70 flushing  nmethod 0x000001d2807f6390
Event: 41.476 Thread 0x000001d2fa1b2d70 flushing  nmethod 0x000001d2807f7810
Event: 41.476 Thread 0x000001d2fa1b2d70 flushing  nmethod 0x000001d2807f8510
Event: 41.476 Thread 0x000001d2fa1b2d70 flushing  nmethod 0x000001d2807f9210
Event: 41.476 Thread 0x000001d2fa1b2d70 flushing  nmethod 0x000001d2807fa310
Event: 41.476 Thread 0x000001d2fa1b2d70 flushing  nmethod 0x000001d2807fa810
Event: 41.476 Thread 0x000001d2fa1b2d70 flushing  nmethod 0x000001d2807fb790
Event: 41.476 Thread 0x000001d2fa1b2d70 flushing  nmethod 0x000001d2807fbe90
Event: 41.476 Thread 0x000001d2fa1b2d70 flushing  nmethod 0x000001d28084af90
Event: 41.476 Thread 0x000001d2fa1b2d70 flushing  nmethod 0x000001d280883410
Event: 41.476 Thread 0x000001d2fa1b2d70 flushing  nmethod 0x000001d28089bc10
Event: 41.476 Thread 0x000001d2fa1b2d70 flushing  nmethod 0x000001d28089d790
Event: 41.476 Thread 0x000001d2fa1b2d70 flushing  nmethod 0x000001d2808b4910

Events (20 events):
Event: 36.699 Thread 0x000001d2fa1ed5e0 Thread added: 0x000001d2d4754560
Event: 37.318 Thread 0x000001d2fa1ed5e0 Thread added: 0x000001d2d6b27810
Event: 38.101 Thread 0x000001d2d4aa3830 Thread added: 0x000001d2d4760180
Event: 40.963 Thread 0x000001d2d6b27810 Thread exited: 0x000001d2d6b27810
Event: 41.110 Thread 0x000001d2d4aa3830 Thread added: 0x000001d2d4760ea0
Event: 41.815 Thread 0x000001d2fa1ed5e0 Thread added: 0x000001d2d4385d60
Event: 41.816 Thread 0x000001d2d475f460 Thread added: 0x000001d2d475da20
Event: 42.407 Thread 0x000001d2d475da20 Thread added: 0x000001d2d4762250
Event: 42.704 Thread 0x000001d2f273f200 Thread added: 0x000001d2d4762f70
Event: 42.714 Thread 0x000001d2f273f200 Thread added: 0x000001d2d4763600
Event: 42.715 Thread 0x000001d2f273f200 Thread added: 0x000001d2d4763c90
Event: 42.715 Thread 0x000001d2f273f200 Thread added: 0x000001d2d47628e0
Event: 42.715 Thread 0x000001d2f273f200 Thread added: 0x000001d2d4764320
Event: 42.716 Thread 0x000001d2f273f200 Thread added: 0x000001d2d4761530
Event: 42.718 Thread 0x000001d2f273f200 Thread added: 0x000001d2d4761bc0
Event: 42.719 Thread 0x000001d2f273f200 Thread added: 0x000001d2d4aa1760
Event: 42.723 Thread 0x000001d2f273f200 Thread added: 0x000001d2d4aa10d0
Event: 42.976 Thread 0x000001d2f273f200 Thread added: 0x000001d2d4aa2480
Event: 43.341 Thread 0x000001d2d4385d60 Thread exited: 0x000001d2d4385d60
Event: 43.901 Thread 0x000001d2fa1ed5e0 Thread added: 0x000001d2d4385d60


Dynamic libraries:
0x00007ff697970000 - 0x00007ff69797e000 	c:\Users\laura\.vscode\extensions\redhat.java-1.54.0-win32-x64\jre\21.0.10-win32-x86_64\bin\java.exe
0x00007ffc32da0000 - 0x00007ffc33007000 	C:\WINDOWS\SYSTEM32\ntdll.dll
0x00007ffc31590000 - 0x00007ffc31659000 	C:\WINDOWS\System32\KERNEL32.DLL
0x00007ffc2fb30000 - 0x00007ffc2ff27000 	C:\WINDOWS\System32\KERNELBASE.dll
0x00007ffc2f7d0000 - 0x00007ffc2f91b000 	C:\WINDOWS\System32\ucrtbase.dll
0x00007ffbff410000 - 0x00007ffbff428000 	c:\Users\laura\.vscode\extensions\redhat.java-1.54.0-win32-x64\jre\21.0.10-win32-x86_64\bin\jli.dll
0x00007ffbf61d0000 - 0x00007ffbf61ee000 	c:\Users\laura\.vscode\extensions\redhat.java-1.54.0-win32-x64\jre\21.0.10-win32-x86_64\bin\VCRUNTIME140.dll
0x00007ffc31900000 - 0x00007ffc31ac6000 	C:\WINDOWS\System32\USER32.dll
0x00007ffc2ffe0000 - 0x00007ffc30007000 	C:\WINDOWS\System32\win32u.dll
0x00007ffc31310000 - 0x00007ffc3133b000 	C:\WINDOWS\System32\GDI32.dll
0x00007ffc309f0000 - 0x00007ffc30b1c000 	C:\WINDOWS\System32\gdi32full.dll
0x00007ffc30010000 - 0x00007ffc300b3000 	C:\WINDOWS\System32\msvcp_win.dll
0x00007ffc1dcf0000 - 0x00007ffc1df82000 	C:\WINDOWS\WinSxS\amd64_microsoft.windows.common-controls_6595b64144ccf1df_6.0.26100.8457_none_3e0b2faee331e92d\COMCTL32.dll
0x00007ffc30f10000 - 0x00007ffc30fb9000 	C:\WINDOWS\System32\msvcrt.dll
0x00007ffc30c40000 - 0x00007ffc30c72000 	C:\WINDOWS\System32\IMM32.DLL
0x00007ffc223f0000 - 0x00007ffc223fc000 	c:\Users\laura\.vscode\extensions\redhat.java-1.54.0-win32-x64\jre\21.0.10-win32-x86_64\bin\vcruntime140_1.dll
0x00007ffbb1f60000 - 0x00007ffbb1fed000 	c:\Users\laura\.vscode\extensions\redhat.java-1.54.0-win32-x64\jre\21.0.10-win32-x86_64\bin\msvcp140.dll
0x00007ffb8b530000 - 0x00007ffb8c2d1000 	c:\Users\laura\.vscode\extensions\redhat.java-1.54.0-win32-x64\jre\21.0.10-win32-x86_64\bin\server\jvm.dll
0x00007ffc31840000 - 0x00007ffc318f6000 	C:\WINDOWS\System32\ADVAPI32.dll
0x00007ffc314e0000 - 0x00007ffc31587000 	C:\WINDOWS\System32\sechost.dll
0x00007ffc30c80000 - 0x00007ffc30d98000 	C:\WINDOWS\System32\RPCRT4.dll
0x00007ffc32c40000 - 0x00007ffc32cc0000 	C:\WINDOWS\System32\WS2_32.dll
0x00007ffc2f630000 - 0x00007ffc2f68e000 	C:\WINDOWS\SYSTEM32\POWRPROF.dll
0x00007ffc28ad0000 - 0x00007ffc28b06000 	C:\WINDOWS\SYSTEM32\WINMM.dll
0x00007ffc28b10000 - 0x00007ffc28b1b000 	C:\WINDOWS\SYSTEM32\VERSION.dll
0x00007ffc2f610000 - 0x00007ffc2f624000 	C:\WINDOWS\SYSTEM32\UMPDC.dll
0x00007ffc2e560000 - 0x00007ffc2e57b000 	C:\WINDOWS\SYSTEM32\kernel.appcore.dll
0x00007ffc21f30000 - 0x00007ffc21f3a000 	c:\Users\laura\.vscode\extensions\redhat.java-1.54.0-win32-x64\jre\21.0.10-win32-x86_64\bin\jimage.dll
0x00007ffc2d980000 - 0x00007ffc2dbc2000 	C:\WINDOWS\SYSTEM32\DBGHELP.DLL
0x00007ffc32730000 - 0x00007ffc32ab3000 	C:\WINDOWS\System32\combase.dll
0x00007ffc30da0000 - 0x00007ffc30e79000 	C:\WINDOWS\System32\OLEAUT32.dll
0x00007ffc0d7e0000 - 0x00007ffc0d81b000 	C:\WINDOWS\SYSTEM32\dbgcore.DLL
0x00007ffc2ff30000 - 0x00007ffc2ffd8000 	C:\WINDOWS\System32\bcryptPrimitives.dll
0x00007ffc16e00000 - 0x00007ffc16e0f000 	c:\Users\laura\.vscode\extensions\redhat.java-1.54.0-win32-x64\jre\21.0.10-win32-x86_64\bin\instrument.dll
0x00007ffc011b0000 - 0x00007ffc011d0000 	c:\Users\laura\.vscode\extensions\redhat.java-1.54.0-win32-x64\jre\21.0.10-win32-x86_64\bin\java.dll
0x00007ffc31af0000 - 0x00007ffc3225e000 	C:\WINDOWS\System32\SHELL32.dll
0x00007ffc300c0000 - 0x00007ffc3092c000 	C:\WINDOWS\System32\windows.storage.dll
0x00007ffc32ac0000 - 0x00007ffc32bb6000 	C:\WINDOWS\System32\SHCORE.dll
0x00007ffc30e90000 - 0x00007ffc30ef6000 	C:\WINDOWS\System32\shlwapi.dll
0x00007ffc2f6f0000 - 0x00007ffc2f719000 	C:\WINDOWS\SYSTEM32\profapi.dll
0x00007ffbff280000 - 0x00007ffbff298000 	c:\Users\laura\.vscode\extensions\redhat.java-1.54.0-win32-x64\jre\21.0.10-win32-x86_64\bin\zip.dll
0x00007ffc09c80000 - 0x00007ffc09c90000 	C:\Users\laura\.vscode\extensions\redhat.java-1.54.0-win32-x64\jre\21.0.10-win32-x86_64\bin\net.dll
0x00007ffc25980000 - 0x00007ffc25aa9000 	C:\WINDOWS\SYSTEM32\WINHTTP.dll
0x00007ffc2ead0000 - 0x00007ffc2eb3c000 	C:\WINDOWS\system32\mswsock.dll
0x00007ffbf8480000 - 0x00007ffbf8496000 	C:\Users\laura\.vscode\extensions\redhat.java-1.54.0-win32-x64\jre\21.0.10-win32-x86_64\bin\nio.dll
0x00007ffc08ae0000 - 0x00007ffc08af0000 	c:\Users\laura\.vscode\extensions\redhat.java-1.54.0-win32-x64\jre\21.0.10-win32-x86_64\bin\verify.dll
0x00007ffbe3ec0000 - 0x00007ffbe3f05000 	C:\Users\laura\AppData\Roaming\Code\User\globalStorage\redhat.java\1.54.0\config_win\org.eclipse.equinox.launcher\org.eclipse.equinox.launcher.win32.win32.x86_64_1.3.0.v20260203-2149\eclipse_11919.dll
0x00007ffc31340000 - 0x00007ffc314d7000 	C:\WINDOWS\System32\ole32.dll
0x00007ffc241d0000 - 0x00007ffc241da000 	C:\Users\laura\.vscode\extensions\redhat.java-1.54.0-win32-x64\jre\21.0.10-win32-x86_64\bin\management.dll
0x00007ffc241b0000 - 0x00007ffc241bc000 	C:\Users\laura\.vscode\extensions\redhat.java-1.54.0-win32-x64\jre\21.0.10-win32-x86_64\bin\management_ext.dll
0x00007ffc31120000 - 0x00007ffc31128000 	C:\WINDOWS\System32\PSAPI.DLL
0x00007ffc2edb0000 - 0x00007ffc2edcb000 	C:\WINDOWS\SYSTEM32\CRYPTSP.dll
0x00007ffc2e4c0000 - 0x00007ffc2e4f9000 	C:\WINDOWS\system32\rsaenh.dll
0x00007ffc2eb80000 - 0x00007ffc2ebb3000 	C:\WINDOWS\SYSTEM32\USERENV.dll
0x00007ffc2f6c0000 - 0x00007ffc2f6ea000 	C:\WINDOWS\SYSTEM32\bcrypt.dll
0x00007ffc2edd0000 - 0x00007ffc2eddc000 	C:\WINDOWS\SYSTEM32\CRYPTBASE.dll
0x00007ffc2df70000 - 0x00007ffc2dfa2000 	C:\WINDOWS\SYSTEM32\IPHLPAPI.DLL
0x00007ffc30f00000 - 0x00007ffc30f0a000 	C:\WINDOWS\System32\NSI.dll
0x00007ffbaedd0000 - 0x00007ffbaee19000 	C:\Users\laura\AppData\Local\Temp\jna-102746063\jna8753990548644694767.dll
0x00007ffc25770000 - 0x00007ffc2578d000 	C:\WINDOWS\SYSTEM32\dhcpcsvc6.DLL
0x00007ffc25740000 - 0x00007ffc25765000 	C:\WINDOWS\SYSTEM32\dhcpcsvc.DLL
0x00007ffc19fa0000 - 0x00007ffc19fae000 	C:\Users\laura\.vscode\extensions\redhat.java-1.54.0-win32-x64\jre\21.0.10-win32-x86_64\bin\sunmscapi.dll
0x00007ffc2f9b0000 - 0x00007ffc2fb28000 	C:\WINDOWS\System32\CRYPT32.dll
0x00007ffc2efd0000 - 0x00007ffc2f000000 	C:\WINDOWS\SYSTEM32\ncrypt.dll
0x00007ffc2ef80000 - 0x00007ffc2efbf000 	C:\WINDOWS\SYSTEM32\NTASN1.dll
0x00007ffc2e010000 - 0x00007ffc2e142000 	C:\WINDOWS\SYSTEM32\DNSAPI.dll
0x00007ffc24fc0000 - 0x00007ffc24fcb000 	C:\Windows\System32\rasadhlp.dll
0x00007ffc23ee0000 - 0x00007ffc23f66000 	C:\WINDOWS\System32\fwpuclnt.dll
0x00007ffc19f90000 - 0x00007ffc19f99000 	C:\Users\laura\.vscode\extensions\redhat.java-1.54.0-win32-x64\jre\21.0.10-win32-x86_64\bin\extnet.dll

JVMTI agents:
c:\Users\laura\.vscode\extensions\redhat.java-1.54.0-win32-x64\lombok\lombok-1.18.39-4050.jar path:c:\Users\laura\.vscode\extensions\redhat.java-1.54.0-win32-x64\jre\21.0.10-win32-x86_64\bin\instrument.dll, loaded, initialized, instrumentlib options:none

dbghelp: loaded successfully - version: 4.0.5 - missing functions: none
symbol engine: initialized successfully - sym options: 0x614 - pdb path: .;c:\Users\laura\.vscode\extensions\redhat.java-1.54.0-win32-x64\jre\21.0.10-win32-x86_64\bin;C:\WINDOWS\SYSTEM32;C:\WINDOWS\WinSxS\amd64_microsoft.windows.common-controls_6595b64144ccf1df_6.0.26100.8457_none_3e0b2faee331e92d;c:\Users\laura\.vscode\extensions\redhat.java-1.54.0-win32-x64\jre\21.0.10-win32-x86_64\bin\server;C:\Users\laura\AppData\Roaming\Code\User\globalStorage\redhat.java\1.54.0\config_win\org.eclipse.equinox.launcher\org.eclipse.equinox.launcher.win32.win32.x86_64_1.3.0.v20260203-2149;C:\Users\laura\AppData\Local\Temp\jna-102746063

VM Arguments:
jvm_args: --add-modules=ALL-SYSTEM --add-opens=java.base/java.util=ALL-UNNAMED --add-opens=java.base/java.lang=ALL-UNNAMED --add-opens=java.base/sun.nio.fs=ALL-UNNAMED -Declipse.application=org.eclipse.jdt.ls.core.id1 -Dosgi.bundles.defaultStartLevel=4 -Declipse.product=org.eclipse.jdt.ls.core.product -Djava.import.generatesMetadataFilesAtProjectRoot=false -DDetectVMInstallationsJob.disabled=true -Dfile.encoding=utf8 -XX:+UseParallelGC -XX:GCTimeRatio=4 -XX:AdaptiveSizePolicyWeight=90 -Dsun.zip.disableMemoryMapping=true -Xmx2G -Xms100m -Xlog:disable -javaagent:c:\Users\laura\.vscode\extensions\redhat.java-1.54.0-win32-x64\lombok\lombok-1.18.39-4050.jar -XX:+HeapDumpOnOutOfMemoryError -XX:HeapDumpPath=c:\Users\laura\AppData\Roaming\Code\User\workspaceStorage\8802279ea4ffc004fdd5b6e2f169f347\redhat.java -Daether.dependencyCollector.impl=bf 
java_command: c:\Users\laura\.vscode\extensions\redhat.java-1.54.0-win32-x64\server\plugins\org.eclipse.equinox.launcher_1.7.100.v20251111-0406.jar -configuration c:\Users\laura\AppData\Roaming\Code\User\globalStorage\redhat.java\1.54.0\config_win -data c:\Users\laura\AppData\Roaming\Code\User\workspaceStorage\8802279ea4ffc004fdd5b6e2f169f347\redhat.java\jdt_ws --pipe=\\.\pipe\lsp-083c7dc0904f3928bcc96b0be1a570f6-sock
java_class_path (initial): c:\Users\laura\.vscode\extensions\redhat.java-1.54.0-win32-x64\server\plugins\org.eclipse.equinox.launcher_1.7.100.v20251111-0406.jar
Launcher Type: SUN_STANDARD

[Global flags]
    uintx AdaptiveSizePolicyWeight                 = 90                                        {product} {command line}
     intx CICompilerCount                          = 4                                         {product} {ergonomic}
    uintx GCTimeRatio                              = 4                                         {product} {command line}
     bool HeapDumpOnOutOfMemoryError               = true                                   {manageable} {command line}
    ccstr HeapDumpPath                             = c:\Users\laura\AppData\Roaming\Code\User\workspaceStorage\8802279ea4ffc004fdd5b6e2f169f347\redhat.java         {manageable} {command line}
   size_t InitialHeapSize                          = 104857600                                 {product} {command line}
   size_t MaxHeapSize                              = 2147483648                                {product} {command line}
   size_t MaxNewSize                               = 715653120                                 {product} {ergonomic}
   size_t MinHeapDeltaBytes                        = 524288                                    {product} {ergonomic}
   size_t MinHeapSize                              = 104857600                                 {product} {command line}
   size_t NewSize                                  = 34603008                                  {product} {ergonomic}
    uintx NonNMethodCodeHeapSize                   = 5839372                                {pd product} {ergonomic}
    uintx NonProfiledCodeHeapSize                  = 122909434                              {pd product} {ergonomic}
   size_t OldSize                                  = 70254592                                  {product} {ergonomic}
    uintx ProfiledCodeHeapSize                     = 122909434                              {pd product} {ergonomic}
    uintx ReservedCodeCacheSize                    = 251658240                              {pd product} {ergonomic}
     bool SegmentedCodeCache                       = true                                      {product} {ergonomic}
   size_t SoftMaxHeapSize                          = 2147483648                             {manageable} {ergonomic}
     bool UseCompressedOops                        = true                           {product lp64_product} {ergonomic}
     bool UseLargePagesIndividualAllocation        = false                                  {pd product} {ergonomic}
     bool UseParallelGC                            = true                                      {product} {command line}

Logging:
Log output configuration:
 #0: stdout all=off uptime,level,tags foldmultilines=false
 #1: stderr all=off uptime,level,tags foldmultilines=false

Release file:
JAVA_VERSION="21.0.10" 
MODULES="java.base java.compiler java.datatransfer java.xml java.prefs java.desktop java.instrument java.logging java.management java.security.sasl java.naming java.rmi java.management.rmi java.net.http java.scripting java.security.jgss java.transaction.xa java.sql java.sql.rowset java.xml.crypto java.se java.smartcardio jdk.accessibility jdk.internal.jvmstat jdk.attach jdk.charsets jdk.internal.opt jdk.zipfs jdk.compiler jdk.crypto.ec jdk.crypto.cryptoki jdk.crypto.mscapi jdk.dynalink jdk.internal.ed jdk.editpad jdk.hotspot.agent jdk.httpserver jdk.internal.le jdk.internal.vm.ci jdk.internal.vm.compiler jdk.internal.vm.compiler.management jdk.jartool jdk.javadoc jdk.jcmd jdk.management jdk.management.agent jdk.jconsole jdk.jdeps jdk.jdwp.agent jdk.jdi jdk.jfr jdk.jshell jdk.jsobject jdk.jstatd jdk.localedata jdk.management.jfr jdk.naming.dns jdk.naming.rmi jdk.net jdk.nio.mapmode jdk.random jdk.sctp jdk.security.auth jdk.security.jgss jdk.unsupported jdk.unsupported.desktop jdk.xml.dom" 

Environment Variables:
JAVA_HOME=C:\Program Files\Java\jdk-23
PATH=C:\Python313\Scripts\;C:\Python313\;C:\Program Files\Common Files\Oracle\Java\javapath;C:\Program Files (x86)\Common Files\Oracle\Java\java8path;C:\Program Files (x86)\Common Files\Oracle\Java\javapath;C:\ProgramData\Oracle\Java\javapath;C:\WINDOWS\system32;C:\WINDOWS;C:\WINDOWS\System32\Wbem;C:\WINDOWS\System32\WindowsPowerShell\v1.0\;C:\WINDOWS\System32\OpenSSH\;C:\Program Files\Git\cmd;C:\Program Files\Java\jdk-23;C:\Program Files\nodejs\;C:\ProgramData\chocolatey\bin;C:\Program Files\PostgreSQL\17\bin;;C:\Program Files\Docker\Docker\resources\bin;C:\Users\laura\AppData\Local\Microsoft\WindowsApps;C:\Users\laura\AppData\Local\Programs\Microsoft VS Code\bin;C:\Users\laura\AppData\Local\GitHubDesktop\bin;C:\Program Files\Java\jdk-23;;C:\Program Files\JetBrains\IntelliJ IDEA 2024.3.2.2\bin;;C:\Users\laura\AppData\Roaming\npm
USERNAME=laura
OS=Windows_NT
PROCESSOR_IDENTIFIER=AMD64 Family 23 Model 24 Stepping 1, AuthenticAMD
TMP=C:\Users\laura\AppData\Local\Temp
TEMP=C:\Users\laura\AppData\Local\Temp




Periodic native trim disabled

---------------  S Y S T E M  ---------------

OS:
 Windows 11 , 64 bit Build 26100 (10.0.26100.8328)
OS uptime: 2 days 18:58 hours
Hyper-V role detected

CPU: total 8 (initial active 8) (8 cores per cpu, 2 threads per core) family 23 model 24 stepping 1 microcode 0x8108102, cx8, cmov, fxsr, ht, mmx, 3dnowpref, sse, sse2, sse3, ssse3, sse4a, sse4.1, sse4.2, popcnt, lzcnt, tsc, tscinvbit, avx, avx2, aes, clmul, bmi1, bmi2, adx, sha, fma, vzeroupper, clflush, clflushopt, hv, rdtscp, f16c
Processor Information for the first 8 processors :
  Max Mhz: 2100, Current Mhz: 2100, Mhz Limit: 2100

Memory: 4k page, system-wide physical 6020M (814M free)
TotalPageFile size 24452M (AvailPageFile size 33M)
current process WorkingSet (physical memory assigned to process): 224M, peak: 227M
current process commit charge ("private bytes"): 342M, peak: 345M

vm_info: OpenJDK 64-Bit Server VM (21.0.10+7-LTS) for windows-amd64 JRE (21.0.10+7-LTS), built on 2026-01-20T00:00:00Z by "admin" with MS VC++ 17.12 (VS2022)

END.
